2025/09/13 15:31:10 File logger berhasil diinisialisasi.
2025/09/13 15:31:10 Failed to connect to database:sql: unknown driver "postgres" (forgotten import?)
2025/09/13 15:32:01 File logger berhasil diinisialisasi.
2025/09/13 15:32:01 Failed to connect to database:sql: unknown driver "postgres" (forgotten import?)
2025/09/13 15:32:23 File logger berhasil diinisialisasi.
2025/09/13 15:32:23 Failed to connect to database:sql: unknown driver "postgres" (forgotten import?)
2025/09/13 15:39:07 File logger berhasil diinisialisasi.
2025/09/13 15:39:07 Failed to connect to database:sql: unknown driver "postgres" (forgotten import?)
2025/09/13 15:42:25 File logger berhasil diinisialisasi.
2025/09/13 15:42:25 Failed to connect to database:sql: unknown driver "postgres" (forgotten import?)
2025/09/13 15:44:04 File logger berhasil diinisialisasi.
2025/09/13 15:44:04 Failed to connect to database:sql: unknown driver "postgres" (forgotten import?)
2025/09/13 15:44:51 File logger berhasil diinisialisasi.
2025/09/13 15:44:51 Failed to connect to database:sql: unknown driver "postgres" (forgotten import?)
2025/09/13 15:46:57 File logger berhasil diinisialisasi.
2025/09/13 19:52:59 File logger berhasil diinisialisasi.
2025/09/13 21:21:13 File logger berhasil diinisialisasi.
2025/09/14 01:17:52 File logger berhasil diinisialisasi.
2025/09/14 01:30:41 File logger berhasil diinisialisasi.
2025/09/14 01:30:41 Database connection established
2025/09/14 01:57:30 File logger berhasil diinisialisasi.
2025/09/14 01:57:30 Database connection established
2025/09/14 09:24:33 File logger berhasil diinisialisasi.
2025/09/14 09:24:33 Database connection established
2025/09/14 10:48:56 File logger berhasil diinisialisasi.
2025/09/14 10:48:56 Database connection established
2025/09/14 11:27:36 File logger berhasil diinisialisasi.
2025/09/14 11:27:36 Database connection established
2025/09/14 11:35:45 File logger berhasil diinisialisasi.
2025/09/14 11:35:45 Database connection established
2025/09/14 11:38:54 File logger berhasil diinisialisasi.
2025/09/14 11:38:54 DEBUG: JWT_SECRET_KEY yang terbaca adalah -> 
2025/09/14 11:38:55 Database connection established
2025/09/14 11:46:23 File logger berhasil diinisialisasi.
2025/09/14 11:46:23 DEBUG: JWT_SECRET_KEY yang terbaca adalah -> 
2025/09/14 11:46:23 Database connection established
2025/09/14 11:47:10 File logger berhasil diinisialisasi.
2025/09/14 11:47:10 DEBUG: JWT_SECRET_KEY yang terbaca adalah -> 16824af3-6b8e-4c3d-9f1e-2c4b5e6f7g8h
2025/09/14 11:47:10 Database connection established
2025/09/14 11:48:37 File logger berhasil diinisialisasi.
2025/09/14 11:48:37 DEBUG: JWT_SECRET_KEY yang terbaca adalah -> 
2025/09/14 11:48:37 Database connection established
2025/09/14 12:40:38 File logger berhasil diinisialisasi.
2025/09/14 12:40:38 DEBUG: JWT_SECRET_KEY yang terbaca adalah -> 
2025/09/14 12:40:38 Database connection established
2025/09/14 14:44:43 File logger berhasil diinisialisasi.
2025/09/14 14:44:43 DEBUG: JWT_SECRET_KEY yang terbaca adalah -> 16824af3-6b8e-4c3d-9f1e-2c4b5e6f7g8h
2025/09/14 14:44:43 Database connection established
2025/09/14 16:03:00 File logger berhasil diinisialisasi.
2025/09/14 16:03:00 DEBUG: JWT_SECRET_KEY yang terbaca adalah -> 16824af3-6b8e-4c3d-9f1e-2c4b5e6f7g8h
2025/09/14 16:03:00 Database connection established
2025/09/18 15:03:09 File logger berhasil diinisialisasi.
2025/09/18 15:03:09 DEBUG: JWT_SECRET_KEY yang terbaca adalah -> 16824af3-6b8e-4c3d-9f1e-2c4b5e6f7g8h
2025/09/18 15:03:09 Database connection established
2025/09/18 15:04:09 File logger berhasil diinisialisasi.
2025/09/18 15:04:09 DEBUG: JWT_SECRET_KEY yang terbaca adalah -> 
2025/09/18 15:04:09 Database connection established
2025/09/18 15:20:22 File logger berhasil diinisialisasi.
2025/09/18 15:20:22 DEBUG: JWT_SECRET_KEY yang terbaca adalah -> 16824af3-6b8e-4c3d-9f1e-2c4b5e6f7g8h
2025/09/18 15:20:22 Database connection established
2025/09/18 15:25:30 File logger berhasil diinisialisasi.
2025/09/18 15:25:30 DEBUG: JWT_SECRET_KEY yang terbaca adalah -> 16824af3-6b8e-4c3d-9f1e-2c4b5e6f7g8h
2025/09/18 15:25:30 Database connection established
2025/09/18 15:26:20 File logger berhasil diinisialisasi.
2025/09/18 15:26:20 DEBUG: JWT_SECRET_KEY yang terbaca adalah -> 16824af3-6b8e-4c3d-9f1e-2c4b5e6f7g8h
2025/09/18 15:26:20 Database connection established
2025/09/18 15:27:48 File logger berhasil diinisialisasi.
2025/09/18 15:27:48 DEBUG: JWT_SECRET_KEY yang terbaca adalah -> 16824af3-6b8e-4c3d-9f1e-2c4b5e6f7g8h
2025/09/18 15:27:48 Database connection established
2025/09/18 15:28:07 File logger berhasil diinisialisasi.
2025/09/18 15:28:07 DEBUG: JWT_SECRET_KEY yang terbaca adalah -> 16824af3-6b8e-4c3d-9f1e-2c4b5e6f7g8h
2025/09/18 15:28:07 Database connection established
2025/09/18 15:32:39 File logger berhasil diinisialisasi.
2025/09/18 15:32:39 DEBUG: JWT_SECRET_KEY yang terbaca adalah -> 16824af3-6b8e-4c3d-9f1e-2c4b5e6f7g8h
2025/09/18 15:32:39 Database connection established
2025/09/18 15:33:19 File logger berhasil diinisialisasi.
2025/09/18 15:33:19 DEBUG: JWT_SECRET_KEY yang terbaca adalah -> 16824af3-6b8e-4c3d-9f1e-2c4b5e6f7g8h
2025/09/18 15:33:19 Database connection established
2025/09/18 15:35:48 File logger berhasil diinisialisasi.
2025/09/18 15:35:48 Database connection established
2025/09/18 15:38:25 File logger berhasil diinisialisasi.
2025/09/18 15:38:25 Database connection established
2025/09/18 23:31:59 File logger berhasil diinisialisasi.
2025/09/18 23:31:59 Database connection established
2025/09/18 23:42:13 File logger berhasil diinisialisasi.
2025/09/18 23:42:13 Database connection established
2025/09/18 23:44:56 File logger berhasil diinisialisasi.
2025/09/18 23:44:56 Database connection established
2025/09/19 09:29:05 File logger berhasil diinisialisasi.
2025/09/19 09:29:05 Database connection established
2025/09/19 11:35:22 File logger berhasil diinisialisasi.
2025/09/19 11:35:22 Database connection established
2025/09/19 11:38:03 File logger berhasil diinisialisasi.
2025/09/19 11:38:03 Database connection established
2025/09/19 11:42:05 File logger berhasil diinisialisasi.
2025/09/19 11:42:05 Database connection established
2025/09/20 12:53:30 File logger berhasil diinisialisasi.
2025/09/20 12:53:30 Database connection established
2025/09/20 12:58:11 File logger berhasil diinisialisasi.
2025/09/20 12:58:11 Database connection established
2025/09/20 14:18:51 File logger berhasil diinisialisasi.
2025/09/20 14:18:51 Database connection established
2025/09/25 15:44:27 File logger berhasil diinisialisasi.
2025/09/25 15:44:27 Database connection established
2025/09/26 01:34:41 File logger berhasil diinisialisasi.
2025/09/26 01:34:41 Database connection established
2025/09/26 05:50:07 File logger berhasil diinisialisasi.
2025/09/26 05:50:07 Database connection established
2025/09/26 05:58:41 File logger berhasil diinisialisasi.
2025/09/26 05:58:41 Database connection established
2025/09/26 06:09:56 File logger berhasil diinisialisasi.
2025/09/26 06:09:56 Database connection established
2025/09/26 06:28:35 File logger berhasil diinisialisasi.
2025/09/26 06:28:35 Database connection established
2025/09/26 07:38:26 File logger berhasil diinisialisasi.
2025/09/26 07:38:26 Database connection established
2025/09/26 08:00:57 File logger berhasil diinisialisasi.
2025/09/26 08:00:57 Database connection established
2025/09/26 08:12:09 File logger berhasil diinisialisasi.
2025/09/26 08:12:09 Database connection established
2025/09/26 09:29:50 File logger berhasil diinisialisasi.
2025/09/26 09:29:50 Database connection established
2025/09/26 09:31:35 File logger berhasil diinisialisasi.
2025/09/26 09:31:35 Database connection established
2025/09/26 09:43:15 File logger berhasil diinisialisasi.
2025/09/26 09:43:15 Database connection established
2025/09/26 09:57:52 File logger berhasil diinisialisasi.
2025/09/26 09:57:52 Database connection established
2025/09/26 10:01:23 File logger berhasil diinisialisasi.
2025/09/26 10:01:23 Database connection established
2025/09/26 10:09:27 File logger berhasil diinisialisasi.
2025/09/26 10:09:27 Database connection established
2025/09/26 10:29:43 File logger berhasil diinisialisasi.
2025/09/26 10:29:43 Database connection established
2025/09/26 10:36:49 File logger berhasil diinisialisasi.
2025/09/26 10:36:49 Database connection established
2025/09/26 10:37:17 [DEBUG] GetPekerjaanRepo query: 
		SELECT id, alumni_id, user_id, nama_perusahaan, posisi_jabatan, bidang_industri,
		       lokasi_kerja, gaji_range, tanggal_mulai_kerja, tanggal_selesai_kerja,
		       status_pekerjaan, deskripsi_pekerjaan, is_delete, deleted_by, deleted_at, created_at
		FROM pekerjaan_alumni
		WHERE is_delete = FALSE
		ORDER BY created_at DESC
	 | args: []
2025/09/26 10:37:17 [ERROR] Query error: pq: column "deleted_by" does not exist
2025/09/26 10:39:46 File logger berhasil diinisialisasi.
2025/09/26 10:39:46 Database connection established
2025/09/26 10:40:08 [DEBUG] GetPekerjaanRepo query: 
		SELECT id, alumni_id, user_id, nama_perusahaan, posisi_jabatan, bidang_industri,
		       lokasi_kerja, gaji_range, tanggal_mulai_kerja, tanggal_selesai_kerja,
		       status_pekerjaan, deskripsi_pekerjaan, is_delete, deleted_by, deleted_at, created_at
		FROM pekerjaan_alumni
		WHERE is_delete = FALSE
		ORDER BY created_at DESC
	 | args: []
2025/09/26 10:40:08 [ERROR] Query error: pq: column "deleted_by" does not exist
2025/09/26 10:40:11 [DEBUG] GetPekerjaanRepo query: 
		SELECT id, alumni_id, user_id, nama_perusahaan, posisi_jabatan, bidang_industri,
		       lokasi_kerja, gaji_range, tanggal_mulai_kerja, tanggal_selesai_kerja,
		       status_pekerjaan, deskripsi_pekerjaan, is_delete, deleted_by, deleted_at, created_at
		FROM pekerjaan_alumni
		WHERE is_delete = FALSE
		ORDER BY created_at DESC
	 | args: []
2025/09/26 10:40:11 [ERROR] Query error: pq: column "deleted_by" does not exist
2025/09/26 10:40:35 [DEBUG] GetPekerjaanRepo query: 
		SELECT id, alumni_id, user_id, nama_perusahaan, posisi_jabatan, bidang_industri,
		       lokasi_kerja, gaji_range, tanggal_mulai_kerja, tanggal_selesai_kerja,
		       status_pekerjaan, deskripsi_pekerjaan, is_delete, deleted_by, deleted_at, created_at
		FROM pekerjaan_alumni
		WHERE is_delete = FALSE
		ORDER BY created_at DESC
	 | args: []
2025/09/26 10:40:35 [ERROR] Query error: pq: column "deleted_by" does not exist
2025/09/26 10:45:47 File logger berhasil diinisialisasi.
2025/09/26 10:45:47 Database connection established
2025/09/26 10:46:18 [DEBUG] GetPekerjaanRepo query: 
		SELECT id, alumni_id, user_id, nama_perusahaan, posisi_jabatan, bidang_industri,
		       lokasi_kerja, gaji_range, tanggal_mulai_kerja, tanggal_selesai_kerja,
		       status_pekerjaan, deskripsi_pekerjaan, is_delete, deleted_by, deleted_at, created_at
		FROM pekerjaan_alumni
		WHERE is_delete = FALSE
		ORDER BY created_at DESC
	 | args: []
2025/09/26 10:46:18 [ERROR] Query error: pq: column "deleted_by" does not exist
2025/09/26 10:46:19 [DEBUG] GetPekerjaanRepo query: 
		SELECT id, alumni_id, user_id, nama_perusahaan, posisi_jabatan, bidang_industri,
		       lokasi_kerja, gaji_range, tanggal_mulai_kerja, tanggal_selesai_kerja,
		       status_pekerjaan, deskripsi_pekerjaan, is_delete, deleted_by, deleted_at, created_at
		FROM pekerjaan_alumni
		WHERE is_delete = FALSE
		ORDER BY created_at DESC
	 | args: []
2025/09/26 10:46:19 [ERROR] Query error: pq: column "deleted_by" does not exist
2025/09/26 10:46:20 [DEBUG] GetPekerjaanRepo query: 
		SELECT id, alumni_id, user_id, nama_perusahaan, posisi_jabatan, bidang_industri,
		       lokasi_kerja, gaji_range, tanggal_mulai_kerja, tanggal_selesai_kerja,
		       status_pekerjaan, deskripsi_pekerjaan, is_delete, deleted_by, deleted_at, created_at
		FROM pekerjaan_alumni
		WHERE is_delete = FALSE
		ORDER BY created_at DESC
	 | args: []
2025/09/26 10:46:20 [ERROR] Query error: pq: column "deleted_by" does not exist
2025/09/26 10:46:21 [DEBUG] GetPekerjaanRepo query: 
		SELECT id, alumni_id, user_id, nama_perusahaan, posisi_jabatan, bidang_industri,
		       lokasi_kerja, gaji_range, tanggal_mulai_kerja, tanggal_selesai_kerja,
		       status_pekerjaan, deskripsi_pekerjaan, is_delete, deleted_by, deleted_at, created_at
		FROM pekerjaan_alumni
		WHERE is_delete = FALSE
		ORDER BY created_at DESC
	 | args: []
2025/09/26 10:46:21 [ERROR] Query error: pq: column "deleted_by" does not exist
2025/09/26 10:50:36 File logger berhasil diinisialisasi.
2025/09/26 10:50:36 Database connection established
2025/09/26 10:50:55 [DEBUG] GetPekerjaanRepo query: 
		SELECT id, alumni_id, user_id, nama_perusahaan, posisi_jabatan, bidang_industri,
		       lokasi_kerja, gaji_range, tanggal_mulai_kerja, tanggal_selesai_kerja,
		       status_pekerjaan, deskripsi_pekerjaan, is_delete, deleted_by, deleted_at, created_at
		FROM pekerjaan_alumni
		WHERE is_delete = FALSE
		ORDER BY created_at DESC
	 | args: []
2025/09/26 10:50:55 [ERROR] Query error: pq: column "deleted_by" does not exist
2025/09/26 10:52:50 File logger berhasil diinisialisasi.
2025/09/26 10:52:50 Database connection established
2025/09/26 10:52:56 [DEBUG] GetPekerjaanRepo query: 
		SELECT id, alumni_id, user_id, nama_perusahaan, posisi_jabatan, bidang_industri,
		       lokasi_kerja, gaji_range, tanggal_mulai_kerja, tanggal_selesai_kerja,
		       status_pekerjaan, deskripsi_pekerjaan, is_delete, deleted_by, deleted_at, created_at
		FROM pekerjaan_alumni
		WHERE is_delete = FALSE
		ORDER BY created_at DESC
	 | args: []
2025/09/26 10:52:56 [ERROR] Query error: pq: column "deleted_by" does not exist
2025/09/26 10:52:57 [DEBUG] GetPekerjaanRepo query: 
		SELECT id, alumni_id, user_id, nama_perusahaan, posisi_jabatan, bidang_industri,
		       lokasi_kerja, gaji_range, tanggal_mulai_kerja, tanggal_selesai_kerja,
		       status_pekerjaan, deskripsi_pekerjaan, is_delete, deleted_by, deleted_at, created_at
		FROM pekerjaan_alumni
		WHERE is_delete = FALSE
		ORDER BY created_at DESC
	 | args: []
2025/09/26 10:52:57 [ERROR] Query error: pq: column "deleted_by" does not exist
2025/09/26 10:54:49 File logger berhasil diinisialisasi.
2025/09/26 10:54:49 Database connection established
2025/09/26 10:54:58 [DEBUG] GetPekerjaanRepo query: 
		SELECT id, alumni_id, user_id, nama_perusahaan, posisi_jabatan, bidang_industri,
		       lokasi_kerja, gaji_range, tanggal_mulai_kerja, tanggal_selesai_kerja,
		       status_pekerjaan, deskripsi_pekerjaan, is_delete, deleted_by, deleted_at, created_at
		FROM pekerjaan_alumni
		WHERE is_delete = FALSE
		ORDER BY created_at DESC
	 | args: []
2025/09/26 10:54:58 [ERROR] Query error: pq: column "deleted_by" does not exist
2025/09/26 10:55:53 File logger berhasil diinisialisasi.
2025/09/26 10:55:53 Database connection established
2025/09/26 10:56:00 [DEBUG] GetPekerjaanRepo query: 
		SELECT id, alumni_id, user_id, nama_perusahaan, posisi_jabatan, bidang_industri,
		       lokasi_kerja, gaji_range, tanggal_mulai_kerja, tanggal_selesai_kerja,
		       status_pekerjaan, deskripsi_pekerjaan, is_delete, deleted_by, deleted_at, created_at
		FROM pekerjaan_alumni
		WHERE is_delete = FALSE
		ORDER BY created_at DESC
	 | args: []
2025/09/26 10:56:00 [ERROR] Query error: pq: column "deleted_by" does not exist
2025/09/26 10:56:00 [ERROR] GetPekerjaanRepo failed: pq: column "deleted_by" does not exist
2025/09/26 10:56:54 File logger berhasil diinisialisasi.
2025/09/26 10:56:54 Database connection established
2025/09/26 10:57:10 File logger berhasil diinisialisasi.
2025/09/26 10:57:10 Database connection established
2025/09/26 10:57:19 [DEBUG] GetPekerjaanRepo query: 
		SELECT id, alumni_id, user_id, nama_perusahaan, posisi_jabatan, bidang_industri,
		       lokasi_kerja, gaji_range, tanggal_mulai_kerja, tanggal_selesai_kerja,
		       status_pekerjaan, deskripsi_pekerjaan, is_delete, delete_by, deleted_at, created_at
		FROM pekerjaan_alumni
		WHERE is_delete = FALSE
		ORDER BY created_at DESC
	 | args: []
2025/09/26 10:57:19 [DEBUG] GetPekerjaanRepo result count: 100
2025/09/26 10:58:48 File logger berhasil diinisialisasi.
2025/09/26 10:58:48 Database connection established
2025/09/26 10:59:16 [DEBUG] GetPekerjaanRepo query: 
		SELECT id, alumni_id, user_id, nama_perusahaan, posisi_jabatan, bidang_industri,
		       lokasi_kerja, gaji_range, tanggal_mulai_kerja, tanggal_selesai_kerja,
		       status_pekerjaan, deskripsi_pekerjaan, is_delete, delete_by, deleted_at, created_at
		FROM pekerjaan_alumni
		WHERE is_delete = FALSE
		ORDER BY created_at DESC
	 | args: []
2025/09/26 10:59:16 [DEBUG] GetPekerjaanRepo result count: 100
2025/09/26 10:59:37 [DEBUG] GetPekerjaanRepo query: 
		SELECT id, alumni_id, user_id, nama_perusahaan, posisi_jabatan, bidang_industri,
		       lokasi_kerja, gaji_range, tanggal_mulai_kerja, tanggal_selesai_kerja,
		       status_pekerjaan, deskripsi_pekerjaan, is_delete, delete_by, deleted_at, created_at
		FROM pekerjaan_alumni
		WHERE is_delete = FALSE AND user_id = $1
		ORDER BY created_at DESC
	 | args: [2]
2025/09/26 10:59:37 [DEBUG] GetPekerjaanRepo result count: 1
2025/09/26 11:00:18 [DEBUG] GetPekerjaanRepo query: 
		SELECT id, alumni_id, user_id, nama_perusahaan, posisi_jabatan, bidang_industri,
		       lokasi_kerja, gaji_range, tanggal_mulai_kerja, tanggal_selesai_kerja,
		       status_pekerjaan, deskripsi_pekerjaan, is_delete, delete_by, deleted_at, created_at
		FROM pekerjaan_alumni
		WHERE is_delete = FALSE
		ORDER BY created_at DESC
	 | args: []
2025/09/26 11:00:18 [DEBUG] GetPekerjaanRepo result count: 100
2025/09/26 11:09:35 File logger berhasil diinisialisasi.
2025/09/26 11:09:35 Database connection established
2025/09/26 11:11:42 File logger berhasil diinisialisasi.
2025/09/26 11:11:42 Database connection established
2025/09/26 11:13:44 File logger berhasil diinisialisasi.
2025/09/26 11:13:44 Database connection established
2025/09/26 11:16:19 File logger berhasil diinisialisasi.
2025/09/26 11:16:19 Database connection established
2025/09/26 11:18:57 File logger berhasil diinisialisasi.
2025/09/26 11:18:57 Database connection established
2025/09/26 11:22:11 File logger berhasil diinisialisasi.
2025/09/26 11:22:11 Database connection established
2025/09/26 11:24:30 File logger berhasil diinisialisasi.
2025/09/26 11:24:30 Database connection established
2025/09/26 11:24:36 [DEBUG] Locals: role=admin, user_id=1
2025/09/26 11:25:42 File logger berhasil diinisialisasi.
2025/09/26 11:25:42 Database connection established
2025/09/26 11:25:47 [DEBUG] Locals: role=admin, user_id=1
2025/09/26 11:26:10 [DEBUG] Locals: role=user, user_id=3
2025/09/26 11:42:10 File logger berhasil diinisialisasi.
2025/09/26 11:42:10 Database connection established
2025/09/26 11:42:18 [DEBUG] Locals: role=admin, user_id=1
2025/09/26 11:42:30 [DEBUG] Locals: role=user, user_id=3
2025/09/26 11:47:06 [DEBUG] Locals: role=user, user_id=3
2025/10/07 15:29:01 File logger berhasil diinisialisasi.
2025/10/07 15:29:01 Database connection established
2025/10/07 15:40:11 [DEBUG] GetPekerjaanRepo query: 
		SELECT id, alumni_id, user_id, nama_perusahaan, posisi_jabatan, bidang_industri,
		       lokasi_kerja, gaji_range, tanggal_mulai_kerja, tanggal_selesai_kerja,
		       status_pekerjaan, deskripsi_pekerjaan, is_delete, delete_by, deleted_at, created_at
		FROM pekerjaan_alumni
		WHERE is_delete = FALSE
		ORDER BY created_at DESC
	 | args: []
2025/10/07 15:40:11 [DEBUG] GetPekerjaanRepo result count: 98
2025/10/07 18:03:52 File logger berhasil diinisialisasi.
2025/10/07 18:03:52 Database connection established
2025/10/07 18:05:28 [DEBUG] GetPekerjaanRepo query: 
		SELECT id, alumni_id, user_id, nama_perusahaan, posisi_jabatan, bidang_industri,
		       lokasi_kerja, gaji_range, tanggal_mulai_kerja, tanggal_selesai_kerja,
		       status_pekerjaan, deskripsi_pekerjaan, is_delete, delete_by, deleted_at, created_at
		FROM pekerjaan_alumni
		WHERE is_delete = FALSE
		ORDER BY created_at DESC
	 | args: []
2025/10/07 18:05:28 [DEBUG] GetPekerjaanRepo result count: 98
2025/10/07 18:07:44 [DEBUG] GetPekerjaanRepo query: 
		SELECT id, alumni_id, user_id, nama_perusahaan, posisi_jabatan, bidang_industri,
		       lokasi_kerja, gaji_range, tanggal_mulai_kerja, tanggal_selesai_kerja,
		       status_pekerjaan, deskripsi_pekerjaan, is_delete, delete_by, deleted_at, created_at
		FROM pekerjaan_alumni
		WHERE is_delete = FALSE
		ORDER BY created_at DESC
	 | args: []
2025/10/07 18:07:44 [DEBUG] GetPekerjaanRepo result count: 98
2025/10/07 18:07:57 [DEBUG] GetPekerjaanRepo query: 
		SELECT id, alumni_id, user_id, nama_perusahaan, posisi_jabatan, bidang_industri,
		       lokasi_kerja, gaji_range, tanggal_mulai_kerja, tanggal_selesai_kerja,
		       status_pekerjaan, deskripsi_pekerjaan, is_delete, delete_by, deleted_at, created_at
		FROM pekerjaan_alumni
		WHERE is_delete = FALSE
		ORDER BY created_at DESC
	 | args: []
2025/10/07 18:07:57 [DEBUG] GetPekerjaanRepo result count: 98
2025/10/07 18:34:49 File logger berhasil diinisialisasi.
2025/10/07 18:34:49 Database connection established
2025/10/07 18:35:11 [DEBUG] GetPekerjaanRepo query: 
		SELECT id, alumni_id, user_id, nama_perusahaan, posisi_jabatan, bidang_industri,
		       lokasi_kerja, gaji_range, tanggal_mulai_kerja, tanggal_selesai_kerja,
		       status_pekerjaan, deskripsi_pekerjaan, is_delete, delete_by, deleted_at, created_at
		FROM pekerjaan_alumni
		WHERE is_delete = FALSE
		ORDER BY created_at DESC
	 | args: []
2025/10/07 18:35:11 [DEBUG] GetPekerjaanRepo result count: 98
2025/10/07 19:57:58 File logger berhasil diinisialisasi.
2025/10/07 19:57:58 Database connection established
2025/10/07 19:58:36 [DEBUG] GetPekerjaanRepo query: 
		SELECT id, alumni_id, user_id, nama_perusahaan, posisi_jabatan, bidang_industri,
		       lokasi_kerja, gaji_range, tanggal_mulai_kerja, tanggal_selesai_kerja,
		       status_pekerjaan, deskripsi_pekerjaan, is_delete, delete_by, deleted_at, created_at
		FROM pekerjaan_alumni
		WHERE is_delete = FALSE
		ORDER BY created_at DESC
	 | args: []
2025/10/07 19:58:36 [ERROR] Query error: pq: column "user_id" does not exist
2025/10/07 19:58:36 [ERROR] GetPekerjaanRepo failed: pq: column "user_id" does not exist
2025/10/07 20:08:20 File logger berhasil diinisialisasi.
2025/10/07 20:08:20 Database connection established
2025/10/07 20:09:12 [DEBUG] GetPekerjaanRepo query: 
		SELECT id, alumni_id, nama_perusahaan, posisi_jabatan, bidang_industri,
		       lokasi_kerja, gaji_range, tanggal_mulai_kerja, tanggal_selesai_kerja,
		       status_pekerjaan, deskripsi_pekerjaan, is_delete, delete_by, deleted_at, created_at
		FROM pekerjaan_alumni
		WHERE is_delete = FALSE AND user_id = $1
		ORDER BY created_at DESC
	 | args: [3]
2025/10/07 20:09:12 [ERROR] Query error: pq: column "is_delete" does not exist
2025/10/07 20:09:12 [ERROR] GetPekerjaanRepo failed: pq: column "is_delete" does not exist
2025/10/07 20:12:28 [DEBUG] GetPekerjaanRepo query: 
		SELECT id, alumni_id, nama_perusahaan, posisi_jabatan, bidang_industri,
		       lokasi_kerja, gaji_range, tanggal_mulai_kerja, tanggal_selesai_kerja,
		       status_pekerjaan, deskripsi_pekerjaan, is_delete, delete_by, deleted_at, created_at
		FROM pekerjaan_alumni
		WHERE is_delete = FALSE AND user_id = $1
		ORDER BY created_at DESC
	 | args: [3]
2025/10/07 20:12:28 [ERROR] Query error: pq: column "is_delete" does not exist
2025/10/07 20:12:28 [ERROR] GetPekerjaanRepo failed: pq: column "is_delete" does not exist
2025/10/07 20:13:41 File logger berhasil diinisialisasi.
2025/10/07 20:13:41 Database connection established
2025/10/07 20:13:48 [DEBUG] GetPekerjaanRepo query: 
		SELECT id, alumni_id, nama_perusahaan, posisi_jabatan, bidang_industri,
		       lokasi_kerja, gaji_range, tanggal_mulai_kerja, tanggal_selesai_kerja,
		       status_pekerjaan, deskripsi_pekerjaan, is_delete, delete_by, deleted_at, created_at
		FROM pekerjaan_alumni
		WHERE is_delete = FALSE AND user_id = $1
		ORDER BY created_at DESC
	 | args: [3]
2025/10/07 20:13:48 [ERROR] Query error: pq: column "delete_by" does not exist
2025/10/07 20:13:48 [ERROR] GetPekerjaanRepo failed: pq: column "delete_by" does not exist
2025/10/07 20:14:44 [DEBUG] GetPekerjaanRepo query: 
		SELECT id, alumni_id, nama_perusahaan, posisi_jabatan, bidang_industri,
		       lokasi_kerja, gaji_range, tanggal_mulai_kerja, tanggal_selesai_kerja,
		       status_pekerjaan, deskripsi_pekerjaan, is_delete, delete_by, deleted_at, created_at
		FROM pekerjaan_alumni
		WHERE is_delete = FALSE AND user_id = $1
		ORDER BY created_at DESC
	 | args: [3]
2025/10/07 20:14:44 [ERROR] Query error: pq: operator does not exist: timestamp without time zone = boolean
2025/10/07 20:14:44 [ERROR] GetPekerjaanRepo failed: pq: operator does not exist: timestamp without time zone = boolean
2025/10/07 20:18:36 [DEBUG] GetPekerjaanRepo query: 
		SELECT id, alumni_id, nama_perusahaan, posisi_jabatan, bidang_industri,
		       lokasi_kerja, gaji_range, tanggal_mulai_kerja, tanggal_selesai_kerja,
		       status_pekerjaan, deskripsi_pekerjaan, is_delete, delete_by, deleted_at, created_at
		FROM pekerjaan_alumni
		WHERE is_delete = FALSE
		ORDER BY created_at DESC
	 | args: []
2025/10/07 20:18:36 [DEBUG] GetPekerjaanRepo result count: 0
2025/10/07 20:23:06 [DEBUG] GetPekerjaanRepo query: 
		SELECT id, alumni_id, nama_perusahaan, posisi_jabatan, bidang_industri,
		       lokasi_kerja, gaji_range, tanggal_mulai_kerja, tanggal_selesai_kerja,
		       status_pekerjaan, deskripsi_pekerjaan, is_delete, delete_by, deleted_at, created_at
		FROM pekerjaan_alumni
		WHERE is_delete = FALSE
		ORDER BY created_at DESC
	 | args: []
2025/10/07 20:23:06 [DEBUG] GetPekerjaanRepo result count: 0
2025/10/07 20:23:18 File logger berhasil diinisialisasi.
2025/10/07 20:23:18 Database connection established
2025/10/07 20:23:24 [DEBUG] GetPekerjaanRepo query: 
		SELECT id, alumni_id, nama_perusahaan, posisi_jabatan, bidang_industri,
		       lokasi_kerja, gaji_range, tanggal_mulai_kerja, tanggal_selesai_kerja,
		       status_pekerjaan, deskripsi_pekerjaan, is_delete, delete_by, deleted_at, created_at
		FROM pekerjaan_alumni
		WHERE is_delete = FALSE
		ORDER BY created_at DESC
	 | args: []
2025/10/07 20:23:24 [DEBUG] GetPekerjaanRepo result count: 0
2025/10/07 20:23:38 [DEBUG] GetPekerjaanRepo query: 
		SELECT id, alumni_id, nama_perusahaan, posisi_jabatan, bidang_industri,
		       lokasi_kerja, gaji_range, tanggal_mulai_kerja, tanggal_selesai_kerja,
		       status_pekerjaan, deskripsi_pekerjaan, is_delete, delete_by, deleted_at, created_at
		FROM pekerjaan_alumni
		WHERE is_delete = FALSE
		ORDER BY created_at DESC
	 | args: []
2025/10/07 20:23:38 [DEBUG] GetPekerjaanRepo result count: 0
2025/10/07 20:26:39 File logger berhasil diinisialisasi.
2025/10/07 20:26:39 Database connection established
2025/10/07 20:26:46 [DEBUG] GetPekerjaanRepo query: 
		SELECT id, alumni_id, nama_perusahaan, posisi_jabatan, bidang_industri,
		       lokasi_kerja, gaji_range, tanggal_mulai_kerja, tanggal_selesai_kerja,
		       status_pekerjaan, deskripsi_pekerjaan, is_delete, delete_by, deleted_at, created_at
		FROM pekerjaan_alumni
		WHERE is_delete = 0
		ORDER BY created_at DESC
	 | args: []
2025/10/07 20:26:46 [ERROR] Query error: pq: operator does not exist: boolean = integer
2025/10/07 20:26:46 [ERROR] GetPekerjaanRepo failed: pq: operator does not exist: boolean = integer
2025/10/07 20:26:58 File logger berhasil diinisialisasi.
2025/10/07 20:26:58 Database connection established
2025/10/07 20:27:05 [DEBUG] GetPekerjaanRepo query: 
		SELECT id, alumni_id, nama_perusahaan, posisi_jabatan, bidang_industri,
		       lokasi_kerja, gaji_range, tanggal_mulai_kerja, tanggal_selesai_kerja,
		       status_pekerjaan, deskripsi_pekerjaan, is_delete, delete_by, deleted_at, created_at
		FROM pekerjaan_alumni
		WHERE is_delete = FALSE
		ORDER BY created_at DESC
	 | args: []
2025/10/07 20:27:05 [DEBUG] GetPekerjaanRepo result count: 0
2025/10/07 20:33:14 File logger berhasil diinisialisasi.
2025/10/07 20:33:14 Database connection established
2025/10/07 20:34:03 File logger berhasil diinisialisasi.
2025/10/07 20:34:03 Database connection established
2025/10/07 20:36:45 File logger berhasil diinisialisasi.
2025/10/07 20:36:45 Database connection established
2025/10/07 20:38:29 File logger berhasil diinisialisasi.
2025/10/07 20:38:29 Database connection established
2025/10/07 20:39:04 File logger berhasil diinisialisasi.
2025/10/07 20:39:04 Database connection established
2025/10/07 20:41:36 File logger berhasil diinisialisasi.
2025/10/07 20:41:36 Database connection established
2025/10/07 20:44:10 File logger berhasil diinisialisasi.
2025/10/07 20:44:10 Database connection established
2025/10/07 20:47:49 File logger berhasil diinisialisasi.
2025/10/07 20:47:49 Database connection established
2025/10/07 20:48:56 File logger berhasil diinisialisasi.
2025/10/07 20:48:56 Database connection established
2025/10/07 22:29:15 File logger berhasil diinisialisasi.
2025/10/07 22:29:15 Database connection established
2025/10/07 22:55:05 File logger berhasil diinisialisasi.
2025/10/07 22:55:05 Database connection established
2025/10/07 22:55:21 [DEBUG] Locals: role=admin, user_id=1
2025/10/07 23:03:45 File logger berhasil diinisialisasi.
2025/10/07 23:03:45 Database connection established
2025/10/08 04:22:30 File logger berhasil diinisialisasi.
2025/10/08 04:22:30 Database connection established
2025/10/08 04:23:59 File logger berhasil diinisialisasi.
2025/10/08 04:23:59 Database connection established
2025/10/08 04:35:01 File logger berhasil diinisialisasi.
2025/10/08 04:35:01 Database connection established
2025/10/08 04:38:42 File logger berhasil diinisialisasi.
2025/10/08 04:38:42 Database connection established
2025/10/08 04:45:04 File logger berhasil diinisialisasi.
2025/10/08 04:45:04 Database connection established
2025/10/08 04:53:16 File logger berhasil diinisialisasi.
2025/10/08 04:53:16 Database connection established
2025/10/08 04:56:45 File logger berhasil diinisialisasi.
2025/10/08 04:56:45 Database connection established
2025/10/08 05:03:19 File logger berhasil diinisialisasi.
2025/10/08 05:03:19 Database connection established
2025/10/08 05:03:42 --- DEBUGGING AUTH MIDDLEWARE ---
2025/10/08 05:03:42 Authorization Header: Bearer eyJhbGciOiJIUzI1NiIsInR5cCI6IkpXVCJ9.eyJ1c2VyX2lkIjoxLCJ1c2VybmFtZSI6ImFkbWluIiwicm9sZSI6ImFkbWluIiwiZXhwIjoxNzU5OTYxMDA1LCJpYXQiOjE3NTk4NzQ2MDV9.PGt6EOthFgocw7Be1j0baOrplr1mcsofiabmBCt86XE
2025/10/08 05:13:53 File logger berhasil diinisialisasi.
2025/10/08 05:13:53 Database connection established
2025/10/08 05:15:54 [DEBUG] Locals: role=admin, user_id=1
2025/10/08 05:21:18 File logger berhasil diinisialisasi.
2025/10/08 05:21:18 Database connection established
2025/10/08 05:21:23 --- DEBUG: Terjadi error di repository --- gagal melakukan soft delete: pq: column "deleted_by" of relation "pekerjaan_alumni" does not exist
2025/10/08 05:23:40 File logger berhasil diinisialisasi.
2025/10/08 05:23:40 Database connection established
2025/10/08 05:24:00 --- DEBUG: Terjadi error di repository --- pekerjaan not found
2025/10/08 05:31:25 File logger berhasil diinisialisasi.
2025/10/08 05:31:25 Database connection established
2025/10/08 05:32:06 [DEBUG] Locals: role=admin, user_id=1
2025/10/08 05:32:34 [DEBUG] Locals: role=user, user_id=52
2025/10/08 07:15:33 File logger berhasil diinisialisasi.
2025/10/08 07:15:33 Database connection established
2025/10/08 07:16:26 [DEBUG] Locals: role=admin, user_id=1
2025/10/08 07:19:33 --- DEBUGGING AUTH MIDDLEWARE ---
2025/10/08 07:19:33 Authorization Header: Bearer eyJhbGciOiJIUzI1NiIsInR5cCI6IkpXVCJ9.eyJ1c2VyX2lkIjoxLCJ1c2VybmFtZSI6ImFkbWluIiwicm9sZSI6ImFkbWluIiwiZXhwIjoxNzU5OTYxMDA1LCJpYXQiOjE3NTk4NzQ2MDV9.PGt6EOthFgocw7Be1j0baOrplr1mcsofiabmBCt86XE
2025/10/08 07:21:24 File logger berhasil diinisialisasi.
2025/10/08 07:21:24 Database connection established
2025/10/08 07:22:31 File logger berhasil diinisialisasi.
2025/10/08 07:22:31 Database connection established
2025/10/08 07:28:42 File logger berhasil diinisialisasi.
2025/10/08 07:28:42 Database connection established
2025/10/08 07:35:16 File logger berhasil diinisialisasi.
2025/10/08 07:35:16 Database connection established
2025/10/08 07:40:02 File logger berhasil diinisialisasi.
2025/10/08 07:40:02 Database connection established
2025/10/08 07:44:19 File logger berhasil diinisialisasi.
2025/10/08 07:44:19 Database connection established
2025/10/08 07:45:45 File logger berhasil diinisialisasi.
2025/10/08 07:45:45 Database connection established
2025/10/08 07:46:09 File logger berhasil diinisialisasi.
2025/10/08 07:46:09 Database connection established
2025/10/08 07:53:35 File logger berhasil diinisialisasi.
2025/10/08 07:53:35 Database connection established
2025/10/08 09:32:06 File logger berhasil diinisialisasi.
2025/10/08 09:32:06 Database connection established
2025/10/08 09:32:53 [DEBUG] Locals: role=admin, user_id=1
2025/10/08 10:30:31 File logger berhasil diinisialisasi.
2025/10/08 10:30:31 Database connection established
2025/10/08 10:33:30 File logger berhasil diinisialisasi.
2025/10/08 10:33:30 Database connection established
2025/10/08 10:34:42 File logger berhasil diinisialisasi.
2025/10/08 10:34:42 Database connection established
2025/10/08 10:34:58 [DEBUG] Locals: role=admin, user_id=1
2025/10/08 10:53:57 File logger berhasil diinisialisasi.
2025/10/08 10:53:57 Database connection established
2025/10/08 11:07:01 File logger berhasil diinisialisasi.
2025/10/08 11:07:01 Database connection established
2025/10/08 11:08:18 [DEBUG] Locals: role=admin, user_id=1
2025/10/08 11:08:46 [DEBUG] Locals: role=admin, user_id=1
2025/10/08 11:11:07 File logger berhasil diinisialisasi.
2025/10/08 11:11:07 Database connection established
2025/10/08 11:12:01 File logger berhasil diinisialisasi.
2025/10/08 11:12:01 Database connection established
2025/10/08 11:13:23 File logger berhasil diinisialisasi.
2025/10/08 11:13:23 Database connection established
2025/10/08 11:14:59 File logger berhasil diinisialisasi.
2025/10/08 11:14:59 Database connection established
2025/10/08 11:18:03 File logger berhasil diinisialisasi.
2025/10/08 11:18:03 Database connection established
2025/10/08 11:30:34 File logger berhasil diinisialisasi.
2025/10/08 11:30:34 Database connection established
2025/10/08 11:32:48 [DEBUG] Locals: role=admin, user_id=1
2025/10/08 11:33:51 [DEBUG] Locals: role=admin, user_id=1
2025/10/08 11:41:53 File logger berhasil diinisialisasi.
2025/10/08 11:41:53 Database connection established
2025/10/08 12:00:04 --- DEBUG: Terjadi error di repository --- pekerjaan not found
2025/10/08 12:00:13 --- DEBUG: Terjadi error di repository --- pekerjaan not found
2025/10/08 12:04:35 --- DEBUG: Terjadi error di repository --- pekerjaan not found
2025/10/08 12:04:38 --- DEBUG: Terjadi error di repository --- pekerjaan not found
2025/10/08 12:04:42 --- DEBUG: Terjadi error di repository --- pekerjaan not found
2025/10/08 12:04:45 --- DEBUG: Terjadi error di repository --- pekerjaan not found
2025/10/08 12:04:47 --- DEBUG: Terjadi error di repository --- pekerjaan not found
2025/10/08 12:06:47 --- DEBUG: Terjadi error di repository --- pekerjaan not found
2025/10/08 12:15:58 --- DEBUG: Terjadi error di repository --- pekerjaan not found
2025/10/08 12:19:10 --- DEBUG: Terjadi error di repository --- pekerjaan not found
2025/10/08 12:26:22 File logger berhasil diinisialisasi.
2025/10/08 12:26:23 Database connection established
2025/10/08 12:27:07 --- DEBUG: Terjadi error di repository --- error saat cek data pekerjaan: sql: Scan error on column index 1, name "is_delete": sql/driver: couldn't convert <nil> (<nil>) into type bool
2025/10/08 12:28:57 File logger berhasil diinisialisasi.
2025/10/08 12:28:57 Database connection established
2025/10/08 12:36:40 [DEBUG] Locals: role=admin, user_id=1
2025/10/08 12:37:55 File logger berhasil diinisialisasi.
2025/10/08 12:37:55 Database connection established
2025/10/08 12:48:01 File logger berhasil diinisialisasi.
2025/10/08 12:48:01 Database connection established
2025/10/17 05:23:26 File logger berhasil diinisialisasi.
2025/10/17 05:23:26 Database connection established
2025/10/17 05:31:50 --- DEBUG: Terjadi error di repository --- forbidden access
2025/10/17 08:41:31 File logger berhasil diinisialisasi.
2025/10/17 08:41:31 Database connection established
2025/10/17 08:41:48 File logger berhasil diinisialisasi.
2025/10/17 08:41:48 Database connection established
2025/10/17 08:59:00 --- DEBUG: Terjadi error di repository --- forbidden access
2025/10/17 09:04:32 File logger berhasil diinisialisasi.
2025/10/17 09:04:32 Database connection established
2025/10/17 09:11:47 File logger berhasil diinisialisasi.
2025/10/17 09:11:47 Database connection established
2025/10/21 13:45:46 File logger berhasil diinisialisasi.
2025/10/21 13:45:46 Database PostgreSQL connection established
2025/10/21 13:45:46 Gagal koneksi ke MongoDB: error parsing uri: scheme must be "mongodb" or "mongodb+srv"
2025/10/21 13:47:10 File logger berhasil diinisialisasi.
2025/10/21 13:47:10 Database connection established
2025/10/21 13:47:10 Gagal koneksi ke MongoDB: error parsing uri: scheme must be "mongodb" or "mongodb+srv"
2025/10/21 14:04:31 File logger berhasil diinisialisasi.
2025/10/21 14:04:31 Database connection established
2025/10/21 14:04:31 Gagal koneksi ke MongoDB: error parsing uri: scheme must be "mongodb" or "mongodb+srv"
2025/10/21 21:15:51 File logger berhasil diinisialisasi.
2025/10/21 21:15:51 Database connection established
2025/10/21 21:15:51 Error: MONGODB_URI tidak ditemukan di file .env. Pastikan file .env sudah disimpan.
2025/10/21 21:17:03 File logger berhasil diinisialisasi.
2025/10/21 21:17:03 Database connection established
2025/10/21 21:17:03 Database connection established
2025/10/21 21:17:03 Berhasil tersambung ke MongoDB!
2025/10/21 21:21:18 File logger berhasil diinisialisasi.
2025/10/21 21:21:18 Database connection established
2025/10/21 21:21:18 Database connection established
2025/10/21 21:21:18 Berhasil tersambung ke MongoDB!
2025/10/21 21:22:50 File logger berhasil diinisialisasi.
2025/10/21 21:22:50 Database connection established
2025/10/21 21:22:50 Berhasil tersambung ke MongoDB!
2025/10/22 08:05:29 File logger berhasil diinisialisasi.
2025/10/22 08:05:29 Database connection established
2025/10/22 08:05:29 Berhasil tersambung ke MongoDB!
2025/10/22 08:09:08 File logger berhasil diinisialisasi.
2025/10/22 08:09:08 Database connection established
2025/10/22 08:09:08 Berhasil tersambung ke MongoDB!
2025/10/22 11:39:38 File logger berhasil diinisialisasi.
2025/10/22 11:39:38 Database connection established
2025/10/22 11:39:38 Berhasil tersambung ke MongoDB!
2025/10/22 11:52:14 File logger berhasil diinisialisasi.
2025/10/22 11:52:14 Database connection established
2025/10/22 11:52:14 Berhasil tersambung ke MongoDB!
2025/10/22 11:53:15 [DEBUG] Locals: role=admin, user_id=1
2025/10/22 11:58:14 File logger berhasil diinisialisasi.
2025/10/22 11:58:14 Database connection established
2025/10/22 11:58:14 Berhasil tersambung ke MongoDB!
2025/10/22 11:58:25 [DEBUG] Locals: role=admin, user_id=1
2025/10/22 11:58:30 [DEBUG] Locals: role=admin, user_id=1
2025/10/22 11:58:42 [DEBUG] Locals: role=admin, user_id=1
2025/10/22 11:59:08 [DEBUG] Locals: role=admin, user_id=1
2025/10/22 12:04:05 File logger berhasil diinisialisasi.
2025/10/22 12:04:06 Database connection established
2025/10/22 12:04:06 Berhasil tersambung ke MongoDB!
2025/10/22 12:05:44 File logger berhasil diinisialisasi.
2025/10/22 12:05:44 Database connection established
2025/10/22 12:05:44 Berhasil tersambung ke MongoDB!
2025/10/22 12:06:50 File logger berhasil diinisialisasi.
2025/10/22 12:06:50 Database connection established
2025/10/22 12:06:50 Berhasil tersambung ke MongoDB!
2025/10/22 12:07:42 File logger berhasil diinisialisasi.
2025/10/22 12:07:42 Database connection established
2025/10/22 12:07:42 Berhasil tersambung ke MongoDB!
2025/10/22 12:13:44 File logger berhasil diinisialisasi.
2025/10/22 12:13:44 Database connection established
2025/10/22 12:13:44 Berhasil tersambung ke MongoDB!
2025/10/22 12:15:09 File logger berhasil diinisialisasi.
2025/10/22 12:15:09 Database connection established
2025/10/22 12:15:09 Berhasil tersambung ke MongoDB!
2025/10/22 12:16:33 File logger berhasil diinisialisasi.
2025/10/22 12:16:33 Database connection established
2025/10/22 12:16:33 Berhasil tersambung ke MongoDB!
2025/10/22 15:10:01 File logger berhasil diinisialisasi.
2025/10/22 15:10:01 Database connection established
2025/10/22 15:10:01 Berhasil tersambung ke MongoDB!
2025/10/22 15:18:07 [DEBUG] Locals: role=admin, user_id=1
2025/10/22 15:19:21 [DEBUG] Locals: role=admin, user_id=1
2025/10/22 15:19:23 [DEBUG] Locals: role=admin, user_id=1
2025/10/22 15:22:34 [DEBUG] Locals: role=admin, user_id=1
2025/10/22 15:22:36 [DEBUG] Locals: role=admin, user_id=1
2025/10/22 15:23:29 [DEBUG] Locals: role=admin, user_id=1
2025/10/22 15:25:28 [DEBUG] Locals: role=admin, user_id=1
2025/10/22 15:27:38 File logger berhasil diinisialisasi.
2025/10/22 15:27:38 Database connection established
2025/10/22 15:27:38 Berhasil tersambung ke MongoDB!
2025/10/22 15:28:57 [DEBUG] Locals: role=admin, user_id=1
2025/10/22 15:29:13 [DEBUG] Locals: role=admin, user_id=1
2025/10/22 15:35:47 File logger berhasil diinisialisasi.
2025/10/22 15:35:47 Database connection established
2025/10/22 15:35:47 Berhasil tersambung ke MongoDB!
2025/10/22 15:35:57 [DEBUG] Locals: role=admin, user_id=1
2025/10/22 15:36:00 [DEBUG] Locals: role=admin, user_id=1
2025/10/22 15:36:08 [DEBUG] Locals: role=admin, user_id=1
2025/10/22 15:36:10 [DEBUG] Locals: role=admin, user_id=1
2025/10/22 15:36:27 [DEBUG] Locals: role=admin, user_id=1
2025/10/22 15:37:13 File logger berhasil diinisialisasi.
2025/10/22 15:37:13 Database connection established
2025/10/22 15:37:13 Berhasil tersambung ke MongoDB!
2025/10/22 15:37:20 [DEBUG] Locals: role=admin, user_id=1
2025/10/22 15:37:22 [DEBUG] Locals: role=admin, user_id=1
2025/10/22 15:37:40 [DEBUG] Locals: role=admin, user_id=1
2025/10/22 15:38:43 File logger berhasil diinisialisasi.
2025/10/22 15:38:44 Database connection established
2025/10/22 15:38:44 Berhasil tersambung ke MongoDB!
2025/10/22 18:38:06 File logger berhasil diinisialisasi.
2025/10/22 18:38:06 Database connection established
2025/10/22 18:38:06 Berhasil tersambung ke MongoDB!
2025/10/22 18:40:06 File logger berhasil diinisialisasi.
2025/10/22 18:40:06 Database connection established
2025/10/22 18:40:06 Berhasil tersambung ke MongoDB!
2025/10/22 19:05:50 File logger berhasil diinisialisasi.
2025/10/22 19:05:50 Database connection established
2025/10/22 19:05:50 Berhasil tersambung ke MongoDB!
2025/10/22 19:15:13 File logger berhasil diinisialisasi.
2025/10/22 19:15:13 Database connection established
2025/10/22 19:15:13 Berhasil tersambung ke MongoDB!
2025/10/22 19:16:24 File logger berhasil diinisialisasi.
2025/10/22 19:16:24 Database connection established
2025/10/22 19:16:24 Berhasil tersambung ke MongoDB!
2025/10/22 19:19:15 File logger berhasil diinisialisasi.
2025/10/22 19:19:15 Database connection established
2025/10/22 19:19:15 Berhasil tersambung ke MongoDB!
2025/10/22 19:46:45 File logger berhasil diinisialisasi.
2025/10/22 19:46:45 Database connection established
2025/10/22 19:46:45 Berhasil tersambung ke MongoDB!
2025/10/22 19:47:26 File logger berhasil diinisialisasi.
2025/10/22 19:47:26 Database connection established
2025/10/22 19:47:26 Berhasil tersambung ke MongoDB!
2025/10/22 19:48:57 File logger berhasil diinisialisasi.
2025/10/22 19:48:57 Database connection established
2025/10/22 19:48:57 Berhasil tersambung ke MongoDB!
2025/10/22 19:52:00 File logger berhasil diinisialisasi.
2025/10/22 19:52:01 Database connection established
2025/10/22 19:52:01 Berhasil tersambung ke MongoDB!
2025/10/22 19:53:28 File logger berhasil diinisialisasi.
2025/10/22 19:53:28 Database connection established
2025/10/22 19:53:28 Berhasil tersambung ke MongoDB!
2025/10/22 19:59:08 File logger berhasil diinisialisasi.
2025/10/22 19:59:08 Database connection established
2025/10/22 19:59:08 Berhasil tersambung ke MongoDB!
2025/10/24 08:09:25 File logger berhasil diinisialisasi.
2025/10/24 08:09:25 Database connection established
2025/10/24 08:09:25 Berhasil tersambung ke MongoDB!
2025/10/24 08:16:18 File logger berhasil diinisialisasi.
2025/10/24 08:16:18 Database connection established
2025/10/24 08:16:18 Berhasil tersambung ke MongoDB!
2025/10/24 08:24:42 File logger berhasil diinisialisasi.
2025/10/24 08:24:42 Database connection established
2025/10/24 08:24:42 Berhasil tersambung ke MongoDB!
2025/10/24 08:26:51 File logger berhasil diinisialisasi.
2025/10/24 08:26:51 Database connection established
2025/10/24 08:26:51 Berhasil tersambung ke MongoDB!
2025/10/24 08:45:13 File logger berhasil diinisialisasi.
2025/10/24 08:45:13 Database connection established
2025/10/24 08:45:13 Berhasil tersambung ke MongoDB!
2025/10/24 08:45:40 Query error: pq: syntax error at or near "FROM"
2025/10/24 08:52:33 File logger berhasil diinisialisasi.
2025/10/24 08:52:33 Database connection established
2025/10/24 08:52:33 Berhasil tersambung ke MongoDB!
2025/10/24 08:52:41 Query error: pq: syntax error at or near "FROM"
2025/10/24 08:53:31 File logger berhasil diinisialisasi.
2025/10/24 08:53:31 Database connection established
2025/10/24 08:53:31 Berhasil tersambung ke MongoDB!
2025/10/24 08:53:38 Query error: pq: syntax error at or near "FROM"
2025/10/24 09:00:26 File logger berhasil diinisialisasi.
2025/10/24 09:00:26 Database connection established
2025/10/24 09:00:26 Berhasil tersambung ke MongoDB!
2025/10/24 09:03:27 [DEBUG] Locals: role=admin, user_id=1
2025/10/24 09:34:03 File logger berhasil diinisialisasi.
2025/10/24 09:34:03 Database connection established
2025/10/24 09:34:03 Berhasil tersambung ke MongoDB!
2025/10/24 09:34:41 File logger berhasil diinisialisasi.
2025/10/24 09:34:42 Database connection established
2025/10/24 09:34:42 Berhasil tersambung ke MongoDB!
2025/10/24 09:45:42 File logger berhasil diinisialisasi.
2025/10/24 09:45:42 Database connection established
2025/10/24 09:45:42 Berhasil tersambung ke MongoDB!
2025/10/24 09:57:22 File logger berhasil diinisialisasi.
2025/10/24 09:57:22 Database connection established
2025/10/24 09:57:22 Berhasil tersambung ke MongoDB!
2025/10/24 09:58:04 SQL Insert Error: sql: Scan error on column index 8, name "tanggal_selesai_kerja": converting NULL to string is unsupported
2025/10/24 10:08:45 File logger berhasil diinisialisasi.
2025/10/24 10:08:45 Database connection established
2025/10/24 10:08:45 Berhasil tersambung ke MongoDB!
2025/10/24 10:09:55 SQL Insert/Scan Error: pq: syntax error at or near ".."
2025/10/24 10:12:47 File logger berhasil diinisialisasi.
2025/10/24 10:12:47 Database connection established
2025/10/24 10:12:47 Berhasil tersambung ke MongoDB!
2025/10/24 11:06:33 File logger berhasil diinisialisasi.
2025/10/24 11:06:33 Database connection established
2025/10/24 11:06:33 Berhasil tersambung ke MongoDB!
2025/10/25 23:24:43 File logger berhasil diinisialisasi.
2025/10/25 23:24:43 Database connection established
2025/10/25 23:24:53 Tidak bisa ping ke MongoDB: server selection error: context deadline exceeded, current topology: { Type: Unknown, Servers: [{ Addr: localhost:27017, Type: Unknown, Last error: dial tcp [::1]:27017: connect: connection refused }, ] }
2025/10/26 10:03:37 File logger berhasil diinisialisasi.
2025/10/26 10:03:37 Database connection established
2025/10/26 10:03:37 Berhasil tersambung ke MongoDB!
2025/10/26 10:04:44 File logger berhasil diinisialisasi.
2025/10/26 10:04:44 Database connection established
2025/10/26 10:04:44 Berhasil tersambung ke MongoDB!
2025/10/26 15:35:00 File logger berhasil diinisialisasi.
2025/10/26 15:35:00 Database connection established
2025/10/26 15:35:00 Berhasil tersambung ke MongoDB!
2025/10/26 15:40:46 [DEBUG] Locals: role=admin, user_id=1
2025/10/26 15:41:23 [DEBUG] Locals: role=admin, user_id=1
2025/10/26 15:46:43 [DEBUG] Locals: role=user, user_id=15
2025/10/26 16:22:53 File logger berhasil diinisialisasi.
2025/10/26 16:22:53 Database connection established
2025/10/26 16:22:53 Berhasil tersambung ke MongoDB!
2025/10/26 16:22:59 [DEBUG] Locals: role=user, user_id=15
2025/10/26 16:24:36 [DEBUG] Locals: role=user, user_id=15
2025/10/26 16:25:13 [DEBUG] Locals: role=user, user_id=15
2025/10/26 16:29:24 [DEBUG] Locals: role=user, user_id=15
2025/10/26 16:29:38 [DEBUG] Locals: role=user, user_id=15
2025/10/26 16:29:54 [DEBUG] Locals: role=admin, user_id=1
2025/10/26 16:29:58 [DEBUG] Locals: role=admin, user_id=1
2025/10/26 16:30:19 [DEBUG] Locals: role=user, user_id=15
2025/10/26 18:29:24 File logger berhasil diinisialisasi.
2025/10/26 18:29:24 Database connection established
2025/10/26 18:29:24 Berhasil tersambung ke MongoDB!
2025/10/26 18:30:02 [DEBUG] Locals: role=user, user_id=15
2025/10/26 18:30:21 [DEBUG] Locals: role=user, user_id=15
2025/10/26 18:30:52 [DEBUG] Locals: role=admin, user_id=1
2025/10/26 18:31:05 [DEBUG] Locals: role=user, user_id=15
2025/10/26 18:31:40 [DEBUG] Locals: role=user, user_id=15
2025/10/26 18:39:57 File logger berhasil diinisialisasi.
2025/10/26 18:39:57 Database connection established
2025/10/26 18:39:57 Berhasil tersambung ke MongoDB!
2025/10/26 18:40:13 [DEBUG] Locals: role=user, user_id=15
2025/10/26 18:48:22 [DEBUG] Locals: role=user, user_id=16
2025/10/26 18:53:42 [DEBUG] Locals: role=user, user_id=16
2025/10/26 18:57:15 [DEBUG] Locals: role=user, user_id=15
2025/10/26 19:07:37 File logger berhasil diinisialisasi.
2025/10/26 19:07:37 Database connection established
2025/10/26 19:07:37 Berhasil tersambung ke MongoDB!
2025/10/26 19:07:42 [DEBUG] Locals: role=user, user_id=15
2025/10/26 19:09:42 [DEBUG] Locals: role=user, user_id=15
2025/10/26 19:10:12 [DEBUG] Locals: role=user, user_id=15
2025/10/26 19:11:22 [DEBUG] Locals: role=user, user_id=15
2025/10/26 19:11:41 [DEBUG] Locals: role=user, user_id=15
2025/10/26 22:48:25 File logger berhasil diinisialisasi.
2025/10/26 22:48:25 Database connection established
2025/10/26 22:48:25 Berhasil tersambung ke MongoDB!
2025/10/27 16:45:43 File logger berhasil diinisialisasi.
2025/10/27 16:45:43 Database connection established
2025/10/27 16:45:43 Berhasil tersambung ke MongoDB!
2025/10/27 16:47:28 File logger berhasil diinisialisasi.
2025/10/27 16:47:28 Database connection established
2025/10/27 16:47:28 Berhasil tersambung ke MongoDB!
2025/10/27 16:50:03 File logger berhasil diinisialisasi.
2025/10/27 16:50:03 Database connection established
2025/10/27 16:50:03 Berhasil tersambung ke MongoDB!
2025/10/27 16:53:21 File logger berhasil diinisialisasi.
2025/10/27 16:53:21 Database connection established
2025/10/27 16:53:21 Berhasil tersambung ke MongoDB!
2025/10/27 16:53:54 File logger berhasil diinisialisasi.
2025/10/27 16:53:54 Database connection established
2025/10/27 16:53:54 Berhasil tersambung ke MongoDB!
2025/10/27 17:08:06 File logger berhasil diinisialisasi.
2025/10/27 17:08:06 Database connection established
2025/10/27 17:08:06 Berhasil tersambung ke MongoDB!
2025/10/27 17:09:39 File logger berhasil diinisialisasi.
2025/10/27 17:09:39 Database connection established
2025/10/27 17:09:39 Berhasil tersambung ke MongoDB!
2025/10/27 17:10:27 File logger berhasil diinisialisasi.
2025/10/27 17:10:27 Database connection established
2025/10/27 17:10:27 Berhasil tersambung ke MongoDB!
2025/10/27 17:13:47 File logger berhasil diinisialisasi.
2025/10/27 17:13:47 Database connection established
2025/10/27 17:13:47 Berhasil tersambung ke MongoDB!
2025/10/27 17:14:43 File logger berhasil diinisialisasi.
2025/10/27 17:14:43 Database connection established
2025/10/27 17:14:43 Berhasil tersambung ke MongoDB!
2025/10/27 17:19:37 File logger berhasil diinisialisasi.
2025/10/27 17:19:37 Database connection established
2025/10/27 17:19:37 Berhasil tersambung ke MongoDB!
2025/10/27 17:19:40 File logger berhasil diinisialisasi.
2025/10/27 17:19:41 Database connection established
2025/10/27 17:19:41 Berhasil tersambung ke MongoDB!
2025/10/27 17:19:48 [34m[AuthRequired] Middleware aktif untuk path: /api/mongo/login[0m
2025/10/27 17:19:48 [31m[AuthRequired]  Tidak ada Authorization header di path: /api/mongo/login[0m
2025/10/27 17:20:12 [34m[AuthRequired] Middleware aktif untuk path: /api/mongo/users-m[0m
2025/10/27 17:20:12 [31m[AuthRequired]  Tidak ada Authorization header di path: /api/mongo/users-m[0m
2025/10/27 17:21:41 File logger berhasil diinisialisasi.
2025/10/27 17:21:41 Database connection established
2025/10/27 17:21:42 Berhasil tersambung ke MongoDB!
2025/10/27 17:21:57 [34m[AuthRequired] Middleware aktif untuk path: /api/mongo/login[0m
2025/10/27 17:21:57 [31m[AuthRequired]  Tidak ada Authorization header di path: /api/mongo/login[0m
2025/10/27 17:22:10 [34m[AuthRequired] Middleware aktif untuk path: /api/mongo/login[0m
2025/10/27 17:22:10 [31m[AuthRequired]  Tidak ada Authorization header di path: /api/mongo/login[0m
2025/10/27 17:22:12 [34m[AuthRequired] Middleware aktif untuk path: /api/mongo/login[0m
2025/10/27 17:22:12 [31m[AuthRequired]  Tidak ada Authorization header di path: /api/mongo/login[0m
2025/10/27 17:23:49 File logger berhasil diinisialisasi.
2025/10/27 17:23:49 Database connection established
2025/10/27 17:23:49 Berhasil tersambung ke MongoDB!
2025/10/27 17:24:01 [34m[AuthRequired] Middleware aktif untuk path: /api/mongo/login[0m
2025/10/27 17:24:01 [31m[AuthRequired]  Tidak ada Authorization header di path: /api/mongo/login[0m
2025/10/27 17:24:47 File logger berhasil diinisialisasi.
2025/10/27 17:24:47 Database connection established
2025/10/27 17:24:47 Berhasil tersambung ke MongoDB!
2025/10/27 17:24:53 [34m[AuthRequired] Middleware aktif untuk path: /api/mongo/login[0m
2025/10/27 17:24:53 [31m[AuthRequired]  Tidak ada Authorization header di path: /api/mongo/login[0m
2025/10/27 17:29:03 File logger berhasil diinisialisasi.
2025/10/27 17:29:03 Database connection established
2025/10/27 17:29:03 Berhasil tersambung ke MongoDB!
2025/10/27 17:34:04 File logger berhasil diinisialisasi.
2025/10/27 17:34:04 Database connection established
2025/10/27 17:34:04 Berhasil tersambung ke MongoDB!
2025/10/27 17:51:11 File logger berhasil diinisialisasi.
2025/10/27 17:51:11 Database connection established
2025/10/27 17:51:11 Berhasil tersambung ke MongoDB!
2025/10/27 17:53:21 File logger berhasil diinisialisasi.
2025/10/27 17:53:21 Database connection established
2025/10/27 17:53:21 Berhasil tersambung ke MongoDB!
2025/10/27 18:02:38 File logger berhasil diinisialisasi.
2025/10/27 18:02:38 Database connection established
2025/10/27 18:02:38 Berhasil tersambung ke MongoDB!
2025/10/27 18:06:00 File logger berhasil diinisialisasi.
2025/10/27 18:06:00 Database connection established
2025/10/27 18:06:00 Berhasil tersambung ke MongoDB!
2025/10/27 18:06:23 File logger berhasil diinisialisasi.
2025/10/27 18:06:23 Database connection established
2025/10/27 18:06:24 Berhasil tersambung ke MongoDB!
2025/10/27 18:07:54 File logger berhasil diinisialisasi.
2025/10/27 18:07:54 Database connection established
2025/10/27 18:07:54 Berhasil tersambung ke MongoDB!
2025/10/27 18:19:17 File logger berhasil diinisialisasi.
2025/10/27 18:19:17 Database connection established
2025/10/27 18:19:17 Berhasil tersambung ke MongoDB!
2025/10/27 22:16:28 File logger berhasil diinisialisasi.
2025/10/27 22:16:28 Database connection established
2025/10/27 22:16:28 Berhasil tersambung ke MongoDB!
2025/10/27 22:17:10 File logger berhasil diinisialisasi.
2025/10/27 22:17:10 Database connection established
2025/10/27 22:17:10 Berhasil tersambung ke MongoDB!
2025/10/27 22:17:41 File logger berhasil diinisialisasi.
2025/10/27 22:17:41 Database connection established
2025/10/27 22:17:41 Berhasil tersambung ke MongoDB!
2025/10/27 22:18:44 File logger berhasil diinisialisasi.
2025/10/27 22:18:44 Database connection established
2025/10/27 22:18:44 Berhasil tersambung ke MongoDB!
2025/10/27 22:32:56 [34m[AuthRequired] Middleware aktif untuk path: /api/mg/users[0m
2025/10/27 22:32:56 [32m[AuthRequired]  Token valid. UserID: 0 | Username: admin | Role:  | Path: /api/mg/users[0m
2025/10/27 22:36:08 [34m[AuthRequired] Middleware aktif untuk path: /api/mg/users[0m
2025/10/27 22:36:08 [32m[AuthRequired]  Token valid. UserID: 0 | Username: admin | Role:  | Path: /api/mg/users[0m
2025/10/27 22:36:50 [34m[AuthRequired] Middleware aktif untuk path: /api/mg/users/[0m
2025/10/27 22:36:50 [32m[AuthRequired]  Token valid. UserID: 0 | Username: admin | Role:  | Path: /api/mg/users/[0m
2025/10/27 22:45:22 File logger berhasil diinisialisasi.
2025/10/27 22:45:22 Database connection established
2025/10/27 22:45:22 Berhasil tersambung ke MongoDB!
2025/10/27 22:45:26 [34m[AuthRequired] Middleware aktif untuk path: /api/mg/users/[0m
2025/10/27 22:45:26 [32m[AuthRequired]  Token valid. UserID: 0 | Username: admin | Role:  | Path: /api/mg/users/[0m
2025/10/27 22:45:28 [34m[AuthRequired] Middleware aktif untuk path: /api/mg/users/[0m
2025/10/27 22:45:28 [32m[AuthRequired]  Token valid. UserID: 0 | Username: admin | Role:  | Path: /api/mg/users/[0m
2025/10/27 22:45:42 [34m[AuthRequired] Middleware aktif untuk path: /api/mg/users/a[0m
2025/10/27 22:45:42 [32m[AuthRequired]  Token valid. UserID: 0 | Username: admin | Role:  | Path: /api/mg/users/a[0m
2025/10/27 22:45:51 [34m[AuthRequired] Middleware aktif untuk path: /api/mg/users/[0m
2025/10/27 22:45:51 [32m[AuthRequired]  Token valid. UserID: 0 | Username: admin | Role:  | Path: /api/mg/users/[0m
2025/10/27 22:46:17 File logger berhasil diinisialisasi.
2025/10/27 22:46:17 Database connection established
2025/10/27 22:46:17 Berhasil tersambung ke MongoDB!
2025/10/27 22:46:20 [34m[AuthRequired] Middleware aktif untuk path: /api/mg/users/[0m
2025/10/27 22:46:20 [32m[AuthRequired]  Token valid. UserID: 0 | Username: admin | Role:  | Path: /api/mg/users/[0m
2025/10/27 22:50:59 File logger berhasil diinisialisasi.
2025/10/27 22:50:59 Database connection established
2025/10/27 22:50:59 Berhasil tersambung ke MongoDB!
2025/10/27 22:51:06 [34m[AuthRequired] Middleware aktif untuk path: /api/mg/users/[0m
2025/10/27 22:51:06 [32m[AuthRequired]  Token valid. UserID: 0 | Username: admin | Role:  | Path: /api/mg/users/[0m
2025/10/27 22:51:38 [34m[AuthRequired] Middleware aktif untuk path: /api/mg/users/[0m
2025/10/27 22:51:38 [32m[AuthRequired]  Token valid. UserID: 0 | Username: user1 | Role:  | Path: /api/mg/users/[0m
2025/10/27 22:52:29 [34m[AuthRequired] Middleware aktif untuk path: /api/mg/users/[0m
2025/10/27 22:52:29 [32m[AuthRequired]  Token valid. UserID: 0 | Username: user1 | Role:  | Path: /api/mg/users/[0m
2025/10/27 22:52:34 [34m[AuthRequired] Middleware aktif untuk path: /api/mg/users/68ff559733497822a45ed183[0m
2025/10/27 22:52:34 [32m[AuthRequired]  Token valid. UserID: 0 | Username: user1 | Role:  | Path: /api/mg/users/68ff559733497822a45ed183[0m
2025/10/27 22:53:12 [34m[AuthRequired] Middleware aktif untuk path: /api/mg/users/68ff559733497822a45ed183[0m
2025/10/27 22:53:12 [32m[AuthRequired]  Token valid. UserID: 0 | Username: admin | Role:  | Path: /api/mg/users/68ff559733497822a45ed183[0m
2025/10/27 22:54:13 File logger berhasil diinisialisasi.
2025/10/27 22:54:13 Database connection established
2025/10/27 22:54:13 Berhasil tersambung ke MongoDB!
2025/10/27 22:54:15 [34m[AuthRequired] Middleware aktif untuk path: /api/mg/users/68ff559733497822a45ed183[0m
2025/10/27 22:54:15 [32m[AuthRequired]  Token valid. UserID: 0 | Username: admin | Role:  | Path: /api/mg/users/68ff559733497822a45ed183[0m
2025/10/27 22:54:32 [34m[AuthRequired] Middleware aktif untuk path: /api/mg/users/68ff559733497822a45ed18b[0m
2025/10/27 22:54:32 [32m[AuthRequired]  Token valid. UserID: 0 | Username: admin | Role:  | Path: /api/mg/users/68ff559733497822a45ed18b[0m
2025/10/27 22:55:05 [34m[AuthRequired] Middleware aktif untuk path: /api/mg/users/68ff559733497822a45ed18b[0m
2025/10/27 22:55:05 [32m[AuthRequired]  Token valid. UserID: 0 | Username: user1 | Role:  | Path: /api/mg/users/68ff559733497822a45ed18b[0m
2025/10/28 06:42:54 File logger berhasil diinisialisasi.
2025/10/28 06:42:54 Database connection established
2025/10/28 06:42:54 Berhasil tersambung ke MongoDB!
2025/10/28 06:43:27 [34m[AuthRequired] Middleware aktif untuk path: /api/mg/files/[0m
2025/10/28 06:43:27 [32m[AuthRequired]  Token valid. UserID: 0 | Username: user1 | Role:  | Path: /api/mg/files/[0m
2025/10/28 06:45:24 File logger berhasil diinisialisasi.
2025/10/28 06:45:24 Database connection established
2025/10/28 06:45:24 Berhasil tersambung ke MongoDB!
2025/10/28 06:45:29 [34m[AuthRequired] Middleware aktif untuk path: /api/mg/files/upload[0m
2025/10/28 06:45:29 [32m[AuthRequired]  Token valid. UserID: 0 | Username: user1 | Role:  | Path: /api/mg/files/upload[0m
2025/10/28 06:45:38 [34m[AuthRequired] Middleware aktif untuk path: /api/mg/files/[0m
2025/10/28 06:45:38 [32m[AuthRequired]  Token valid. UserID: 0 | Username: user1 | Role:  | Path: /api/mg/files/[0m
2025/10/28 06:49:48 [34m[AuthRequired] Middleware aktif untuk path: /api/mg/files/[0m
2025/10/28 06:49:48 [31m[AuthRequired]  Tidak ada Authorization header di path: /api/mg/files/[0m
2025/10/28 06:49:54 [34m[AuthRequired] Middleware aktif untuk path: /api/mg/files/[0m
2025/10/28 06:49:54 [32m[AuthRequired]  Token valid. UserID: 0 | Username: user1 | Role:  | Path: /api/mg/files/[0m
2025/10/28 06:50:14 [34m[AuthRequired] Middleware aktif untuk path: /api/mg/files/upload[0m
2025/10/28 06:50:14 [32m[AuthRequired]  Token valid. UserID: 0 | Username: user1 | Role:  | Path: /api/mg/files/upload[0m
2025/10/28 06:50:40 [34m[AuthRequired] Middleware aktif untuk path: /api/mg/files/upload[0m
2025/10/28 06:50:40 [32m[AuthRequired]  Token valid. UserID: 0 | Username: admin | Role:  | Path: /api/mg/files/upload[0m
2025/10/28 06:50:48 [34m[AuthRequired] Middleware aktif untuk path: /api/mg/users/[0m
2025/10/28 06:50:48 [32m[AuthRequired]  Token valid. UserID: 0 | Username: admin | Role:  | Path: /api/mg/users/[0m
2025/10/28 06:52:25 [34m[AuthRequired] Middleware aktif untuk path: /api/mg/files/upload[0m
2025/10/28 06:52:25 [32m[AuthRequired]  Token valid. UserID: 0 | Username: admin | Role:  | Path: /api/mg/files/upload[0m
2025/10/28 07:01:16 File logger berhasil diinisialisasi.
2025/10/28 07:01:16 Database connection established
2025/10/28 07:01:16 Berhasil tersambung ke MongoDB!
2025/10/28 07:01:21 [34m[AuthRequired] Middleware aktif untuk path: /api/mg/files/[0m
2025/10/28 07:01:21 [32m[AuthRequired]  Token valid. UserID: 0 | Username: user1 | Role:  | Path: /api/mg/files/[0m
2025/10/28 07:01:39 [34m[AuthRequired] Middleware aktif untuk path: /api/mg/files/upload[0m
2025/10/28 07:01:39 [32m[AuthRequired]  Token valid. UserID: 0 | Username: admin | Role:  | Path: /api/mg/files/upload[0m
2025/10/28 07:36:45 File logger berhasil diinisialisasi.
2025/10/28 07:36:45 Database connection established
2025/10/28 07:36:45 Berhasil tersambung ke MongoDB!
2025/10/28 07:40:20 File logger berhasil diinisialisasi.
2025/10/28 07:40:20 Database connection established
2025/10/28 07:40:20 Berhasil tersambung ke MongoDB!
2025/10/28 07:40:22 [DEBUG-AuthMongo] Claims Diterima: UserID='', Username='admin', Role=''
2025/10/28 07:40:22 [DEBUG-AuthMongo] Validasi Gagal: UserID atau Role kosong!
2025/10/28 07:44:07 File logger berhasil diinisialisasi.
2025/10/28 07:44:07 Database connection established
2025/10/28 07:44:07 Berhasil tersambung ke MongoDB!
2025/10/28 07:44:21 [DEBUG-AuthMongo] Claims Diterima: UserID='', Username='admin', Role=''
2025/10/28 07:44:21 [DEBUG-AuthMongo] Validasi Gagal: UserID atau Role kosong!
2025/10/28 07:51:53 File logger berhasil diinisialisasi.
2025/10/28 07:51:53 Database connection established
2025/10/28 07:51:53 Berhasil tersambung ke MongoDB!
2025/10/28 07:52:09 [DEBUG-JWT-ValidateMongo] Claims Parsed: UserID='', Username='admin', Role=''
2025/10/28 07:52:09 [DEBUG-AuthMongo] Claims Diterima: UserID='', Username='admin', Role=''
2025/10/28 07:52:09 [DEBUG-AuthMongo] Validasi Gagal: UserID atau Role kosong!
2025/10/28 07:56:12 File logger berhasil diinisialisasi.
2025/10/28 07:56:12 Database connection established
2025/10/28 07:56:12 Berhasil tersambung ke MongoDB!
2025/10/28 07:56:29 [DEBUG-JWT-ValidateMongo] Raw MapClaims: map[exp:1.761699377e+09 userID:68ff559733497822a45ed183 username:admin]
2025/10/28 07:56:29 [DEBUG-JWT-ValidateMongo] Claims Hasil Konversi Manual: UserID='', Username='admin', Role=''
2025/10/28 07:56:29 [DEBUG-AuthMongo] Error Validasi Token: UserID atau Role kosong setelah parsing map
2025/10/28 08:03:45 File logger berhasil diinisialisasi.
2025/10/28 08:03:45 Database connection established
2025/10/28 08:03:45 Berhasil tersambung ke MongoDB!
2025/10/28 08:03:59 [DEBUG-JWT-ValidateMongo] Raw MapClaims: map[exp:1.761699377e+09 userID:68ff559733497822a45ed183 username:admin]
2025/10/28 08:03:59 [DEBUG-JWT-ValidateMongo] Claims Hasil Konversi Manual: UserID='68ff559733497822a45ed183', Username='admin', Role=''
2025/10/28 08:03:59 [DEBUG-AuthMongo] Error Validasi Token: UserID atau Role kosong setelah parsing map
2025/10/28 08:06:15 [DEBUG-JWT-ValidateMongo] Raw MapClaims: map[exp:1.761699964e+09 userID:68ff559733497822a45ed183 username:admin]
2025/10/28 08:06:15 [DEBUG-JWT-ValidateMongo] Claims Hasil Konversi Manual: UserID='68ff559733497822a45ed183', Username='admin', Role=''
2025/10/28 08:06:15 [DEBUG-AuthMongo] Error Validasi Token: UserID atau Role kosong setelah parsing map
2025/10/28 08:11:01 File logger berhasil diinisialisasi.
2025/10/28 08:11:01 Database connection established
2025/10/28 08:11:01 Berhasil tersambung ke MongoDB!
2025/10/28 08:11:17 [DEBUG-JWT-ValidateMongo] Raw MapClaims: map[exp:1.761700268e+09 userID:68ff559733497822a45ed183 username:admin]
2025/10/28 08:11:17 [DEBUG-JWT-ValidateMongo] Claims Hasil Konversi Manual: UserID='68ff559733497822a45ed183', Username='admin', Role=''
2025/10/28 08:11:17 [DEBUG-AuthMongo] Error Validasi Token: UserID atau Role kosong setelah parsing map
2025/10/28 08:19:04 File logger berhasil diinisialisasi.
2025/10/28 08:19:04 Database connection established
2025/10/28 08:19:04 Berhasil tersambung ke MongoDB!
2025/10/28 08:19:39 [DEBUG-JWT-ValidateMongo] Raw MapClaims: map[exp:1.761700761e+09 userID:68ff559733497822a45ed183 username:admin]
2025/10/28 08:19:39 [DEBUG-JWT-ValidateMongo] Claims Hasil Konversi Manual: UserID='68ff559733497822a45ed183', Username='admin', Role=''
2025/10/28 08:19:39 [DEBUG-AuthMongo] Error Validasi Token: UserID atau Role kosong setelah parsing map
2025/10/28 08:20:20 File logger berhasil diinisialisasi.
2025/10/28 08:20:20 Database connection established
2025/10/28 08:20:20 Berhasil tersambung ke MongoDB!
2025/10/28 08:20:49 [DEBUG-JWT-ValidateMongo] Raw MapClaims: map[exp:1.761700824e+09 userID:68ff559733497822a45ed183 username:admin]
2025/10/28 08:20:49 [DEBUG-JWT-ValidateMongo] Claims Hasil Konversi Manual: UserID='68ff559733497822a45ed183', Username='admin', Role=''
2025/10/28 08:20:49 [DEBUG-AuthMongo] Error Validasi Token: UserID atau Role kosong setelah parsing map
2025/10/28 08:32:33 File logger berhasil diinisialisasi.
2025/10/28 08:32:33 Database connection established
2025/10/28 08:32:33 Berhasil tersambung ke MongoDB!
2025/10/28 08:34:41 File logger berhasil diinisialisasi.
2025/10/28 08:34:41 Database connection established
2025/10/28 08:34:41 Berhasil tersambung ke MongoDB!
2025/10/28 08:36:30 File logger berhasil diinisialisasi.
2025/10/28 08:36:30 Database connection established
2025/10/28 08:36:30 Berhasil tersambung ke MongoDB!
2025/10/28 08:36:47 [DEBUG-JWT-ValidateMongo] Raw MapClaims: map[exp:1.761701793e+09 userID:68ff559733497822a45ed183 username:admin]
2025/10/28 08:36:47 [DEBUG-JWT-ValidateMongo] Claims Hasil Konversi Manual: UserID='68ff559733497822a45ed183', Username='admin', Role=''
2025/10/28 08:36:47 [DEBUG-AuthMongo] Error Validasi Token: UserID atau Role kosong setelah parsing map
2025/10/28 08:44:40 File logger berhasil diinisialisasi.
2025/10/28 08:44:40 Database connection established
2025/10/28 08:44:40 Berhasil tersambung ke MongoDB!
2025/10/28 08:44:57 [DEBUG-JWT-ValidateMongo-DirectParse] Claims Parsed: UserID='', Username='admin', Role=''
2025/10/28 08:44:57 [DEBUG-JWT-ValidateMongo-DirectParse] Validasi Gagal: UserID atau Role kosong!
2025/10/28 08:44:57 [DEBUG-AuthMongo] Error Validasi Token: UserID atau Role kosong setelah parsing
2025/10/28 09:18:47 File logger berhasil diinisialisasi.
2025/10/28 09:18:47 Database connection established
2025/10/28 09:18:47 Berhasil tersambung ke MongoDB!
2025/10/28 09:19:06 [DEBUG-JWT-ValidateMongo-DirectParse] Claims Parsed: UserID='', Username='admin', Role=''
2025/10/28 09:19:06 [DEBUG-JWT-ValidateMongo-DirectParse] Validasi Gagal: UserID atau Role kosong!
2025/10/28 09:19:06 [DEBUG-AuthMongo] Error Validasi Token: UserID atau Role kosong setelah parsing
2025/10/28 09:19:18 [DEBUG-JWT-ValidateMongo-DirectParse] Claims Parsed: UserID='', Username='admin', Role=''
2025/10/28 09:19:18 [DEBUG-JWT-ValidateMongo-DirectParse] Validasi Gagal: UserID atau Role kosong!
2025/10/28 09:19:18 [DEBUG-AuthMongo] Error Validasi Token: UserID atau Role kosong setelah parsing
2025/10/28 09:44:03 File logger berhasil diinisialisasi.
2025/10/28 09:44:03 Database connection established
2025/10/28 09:44:03 Berhasil tersambung ke MongoDB!
2025/10/28 09:44:49 [DEBUG-JWT-ValidateMongo-DirectParse] Claims Parsed: UserID='', Username='admin', Role=''
2025/10/28 09:44:49 [DEBUG-JWT-ValidateMongo-DirectParse] Validasi Gagal: UserID atau Role kosong!
2025/10/28 09:53:19 File logger berhasil diinisialisasi.
2025/10/28 09:53:19 Database connection established
2025/10/28 09:53:19 Berhasil tersambung ke MongoDB!
2025/10/28 09:53:34 [DEBUG-JWT-ValidateMongo] Parsed: UserID='', Username='admin', Role=''
2025/10/28 09:53:34 [DEBUG-JWT-ValidateMongo] Klaim kosong: UserID='', Role=''
2025/10/28 09:53:34 [DEBUG-AuthMongo] Error Validasi Token: klaim token tidak lengkap
2025/10/28 09:57:05 File logger berhasil diinisialisasi.
2025/10/28 09:57:05 Database connection established
2025/10/28 09:57:05 Berhasil tersambung ke MongoDB!
2025/10/28 09:57:14 [DEBUG-GenerateMongoToken] Token dibuat untuk UserID=68ff559733497822a45ed183, Username=admin, Role=admin
2025/10/28 09:57:27 [DEBUG-JWT-ValidateMongo] Parsed: UserID='68ff559733497822a45ed183', Username='admin', Role='admin'
2025/10/28 09:57:27 [DEBUG-AuthMongo] Claims Diterima: UserID='68ff559733497822a45ed183', Username='admin', Role='admin'
2025/10/28 10:00:15 [DEBUG-JWT-ValidateMongo] Parsed: UserID='68ff559733497822a45ed183', Username='admin', Role='admin'
2025/10/28 10:00:15 [DEBUG-AuthMongo] Claims Diterima: UserID='68ff559733497822a45ed183', Username='admin', Role='admin'
2025/10/28 10:44:51 File logger berhasil diinisialisasi.
2025/10/28 10:44:51 Database connection established
2025/10/28 10:44:51 Berhasil tersambung ke MongoDB!
2025/10/28 10:45:02 [DEBUG-JWT-ValidateMongo] Parsed: UserID='68ff559733497822a45ed183', Username='admin', Role='admin'
2025/10/28 10:45:02 [DEBUG-AuthMongo] Claims Diterima: UserID='68ff559733497822a45ed183', Username='admin', Role='admin'
2025/10/28 10:45:19 [DEBUG-JWT-ValidateMongo] Parsed: UserID='68ff559733497822a45ed183', Username='admin', Role='admin'
2025/10/28 10:45:19 [DEBUG-AuthMongo] Claims Diterima: UserID='68ff559733497822a45ed183', Username='admin', Role='admin'
2025/10/28 10:45:29 [DEBUG-JWT-ValidateMongo] Parsed: UserID='', Username='admin', Role=''
2025/10/28 10:45:29 [DEBUG-JWT-ValidateMongo] Klaim kosong: UserID='', Role=''
2025/10/28 10:45:29 [DEBUG-AuthMongo] Error Validasi Token: klaim token tidak lengkap
2025/10/28 10:45:39 [DEBUG-GenerateMongoToken] Token dibuat untuk UserID=68ff559733497822a45ed183, Username=admin, Role=admin
2025/10/28 10:45:48 [DEBUG-JWT-ValidateMongo] Parsed: UserID='68ff559733497822a45ed183', Username='admin', Role='admin'
2025/10/28 10:45:48 [DEBUG-AuthMongo] Claims Diterima: UserID='68ff559733497822a45ed183', Username='admin', Role='admin'
2025/10/28 10:45:53 [DEBUG-JWT-ValidateMongo] Parsed: UserID='68ff559733497822a45ed183', Username='admin', Role='admin'
2025/10/28 10:45:53 [DEBUG-AuthMongo] Claims Diterima: UserID='68ff559733497822a45ed183', Username='admin', Role='admin'
2025/10/28 10:47:09 File logger berhasil diinisialisasi.
2025/10/28 10:47:09 Database connection established
2025/10/28 10:47:09 Berhasil tersambung ke MongoDB!
2025/10/28 10:47:13 [DEBUG-JWT-ValidateMongo] Parsed: UserID='68ff559733497822a45ed183', Username='admin', Role='admin'
2025/10/28 10:47:13 [DEBUG-AuthMongo] Claims Diterima: UserID='68ff559733497822a45ed183', Username='admin', Role='admin'
2025/10/28 10:47:16 [DEBUG-JWT-ValidateMongo] Parsed: UserID='68ff559733497822a45ed183', Username='admin', Role='admin'
2025/10/28 10:47:16 [DEBUG-AuthMongo] Claims Diterima: UserID='68ff559733497822a45ed183', Username='admin', Role='admin'
2025/10/28 10:48:05 [DEBUG-JWT-ValidateMongo] Parsed: UserID='68ff559733497822a45ed183', Username='admin', Role='admin'
2025/10/28 10:48:05 [DEBUG-AuthMongo] Claims Diterima: UserID='68ff559733497822a45ed183', Username='admin', Role='admin'
2025/10/28 11:00:10 File logger berhasil diinisialisasi.
2025/10/28 11:00:10 Database connection established
2025/10/28 11:00:10 Berhasil tersambung ke MongoDB!
2025/10/28 11:00:15 [DEBUG-JWT-ValidateMongo] Parsed: UserID='68ff559733497822a45ed183', Username='admin', Role='admin'
2025/10/28 11:00:15 [DEBUG-AuthMongo] Claims Diterima: UserID='68ff559733497822a45ed183', Username='admin', Role='admin'
2025/10/28 11:00:18 [DEBUG-JWT-ValidateMongo] Parsed: UserID='68ff559733497822a45ed183', Username='admin', Role='admin'
2025/10/28 11:00:18 [DEBUG-AuthMongo] Claims Diterima: UserID='68ff559733497822a45ed183', Username='admin', Role='admin'
2025/10/28 11:00:37 [DEBUG-JWT-ValidateMongo] Parsed: UserID='68ff559733497822a45ed183', Username='admin', Role='admin'
2025/10/28 11:00:37 [DEBUG-AuthMongo] Claims Diterima: UserID='68ff559733497822a45ed183', Username='admin', Role='admin'
2025/10/28 11:00:41 [DEBUG-JWT-ValidateMongo] Parsed: UserID='68ff559733497822a45ed183', Username='admin', Role='admin'
2025/10/28 11:00:41 [DEBUG-AuthMongo] Claims Diterima: UserID='68ff559733497822a45ed183', Username='admin', Role='admin'
2025/10/28 11:00:41 [DEBUG-UploadFile] loggedInUserID: 68ff559733497822a45ed183, role: admin, ownerID: 68ff559733497822a45ed184
2025/10/28 11:00:41 [DEBUG-UploadFile] file saved. ID: 69003fe92797df7c7330b734, OwnerID: 68ff559733497822a45ed184
2025/10/28 11:00:49 [DEBUG-JWT-ValidateMongo] Parsed: UserID='68ff559733497822a45ed183', Username='admin', Role='admin'
2025/10/28 11:00:49 [DEBUG-AuthMongo] Claims Diterima: UserID='68ff559733497822a45ed183', Username='admin', Role='admin'
2025/10/28 11:02:08 [DEBUG-JWT-ValidateMongo] Parsed: UserID='68ff559733497822a45ed183', Username='admin', Role='admin'
2025/10/28 11:02:08 [DEBUG-AuthMongo] Claims Diterima: UserID='68ff559733497822a45ed183', Username='admin', Role='admin'
2025/10/28 11:13:14 File logger berhasil diinisialisasi.
2025/10/28 11:13:14 Database connection established
2025/10/28 11:13:14 Berhasil tersambung ke MongoDB!
2025/10/28 11:13:20 [DEBUG-JWT-ValidateMongo] Parsed: UserID='68ff559733497822a45ed183', Username='admin', Role='admin'
2025/10/28 11:13:20 [DEBUG-AuthMongo] Claims Diterima: UserID='68ff559733497822a45ed183', Username='admin', Role='admin'
2025/10/28 11:13:24 [DEBUG-JWT-ValidateMongo] Parsed: UserID='68ff559733497822a45ed183', Username='admin', Role='admin'
2025/10/28 11:13:24 [DEBUG-AuthMongo] Claims Diterima: UserID='68ff559733497822a45ed183', Username='admin', Role='admin'
2025/10/28 11:13:36 [DEBUG-JWT-ValidateMongo] Parsed: UserID='68ff559733497822a45ed183', Username='admin', Role='admin'
2025/10/28 11:13:36 [DEBUG-AuthMongo] Claims Diterima: UserID='68ff559733497822a45ed183', Username='admin', Role='admin'
2025/10/28 11:13:36 [DEBUG-UploadFile] loggedInUserID: 68ff559733497822a45ed183, role: admin, ownerID: 68ff559733497822a45ed184
2025/10/28 11:13:36 [DEBUG-UploadFile] file saved. ID: 690042f016cf8d9cbae093b0, OwnerID: 68ff559733497822a45ed184
2025/10/28 11:13:40 [DEBUG-JWT-ValidateMongo] Parsed: UserID='68ff559733497822a45ed183', Username='admin', Role='admin'
2025/10/28 11:13:40 [DEBUG-AuthMongo] Claims Diterima: UserID='68ff559733497822a45ed183', Username='admin', Role='admin'
2025/10/28 11:14:38 [DEBUG-GenerateMongoToken] Token dibuat untuk UserID=68ff559733497822a45ed184, Username=user1, Role=user
2025/10/28 11:15:01 [DEBUG-JWT-ValidateMongo] Parsed: UserID='68ff559733497822a45ed184', Username='user1', Role='user'
2025/10/28 11:15:01 [DEBUG-AuthMongo] Claims Diterima: UserID='68ff559733497822a45ed184', Username='user1', Role='user'
2025/10/28 11:15:13 [DEBUG-JWT-ValidateMongo] Parsed: UserID='68ff559733497822a45ed184', Username='user1', Role='user'
2025/10/28 11:15:13 [DEBUG-AuthMongo] Claims Diterima: UserID='68ff559733497822a45ed184', Username='user1', Role='user'
2025/10/28 11:15:13 [DEBUG-UploadFile] loggedInUserID: 68ff559733497822a45ed184, role: user, ownerID: 68ff559733497822a45ed184
2025/10/28 11:15:13 [DEBUG-UploadFile] file saved. ID: 6900435116cf8d9cbae093b1, OwnerID: 68ff559733497822a45ed184
2025/10/28 20:33:13 File logger berhasil diinisialisasi.
2025/10/28 20:33:13 Database connection established
2025/10/28 20:33:13 Berhasil tersambung ke MongoDB!
2025/10/28 20:33:29 File logger berhasil diinisialisasi.
2025/10/28 20:33:29 Database connection established
2025/10/28 20:33:29 Berhasil tersambung ke MongoDB!
2025/10/28 20:35:14 [DEBUG-JWT-ValidateMongo] Parsed: UserID='68ff559733497822a45ed183', Username='admin', Role='admin'
2025/10/28 20:35:14 [DEBUG-AuthMongo] Claims Diterima: UserID='68ff559733497822a45ed183', Username='admin', Role='admin'
2025/10/28 20:35:18 [DEBUG-JWT-ValidateMongo] Parsed: UserID='68ff559733497822a45ed183', Username='admin', Role='admin'
2025/10/28 20:35:18 [DEBUG-AuthMongo] Claims Diterima: UserID='68ff559733497822a45ed183', Username='admin', Role='admin'
2025/10/28 20:35:54 [DEBUG-JWT-ValidateMongo] Parsed: UserID='68ff559733497822a45ed184', Username='user1', Role='user'
2025/10/28 20:35:54 [DEBUG-AuthMongo] Claims Diterima: UserID='68ff559733497822a45ed184', Username='user1', Role='user'
2025/10/28 20:36:19 [DEBUG-GenerateMongoToken] Token dibuat untuk UserID=68ff559733497822a45ed184, Username=user1, Role=user
2025/10/28 20:36:24 [DEBUG-GenerateMongoToken] Token dibuat untuk UserID=68ff559733497822a45ed185, Username=user2, Role=user
2025/10/28 20:37:15 [DEBUG-JWT-ValidateMongo] Parsed: UserID='68ff559733497822a45ed185', Username='user2', Role='user'
2025/10/28 20:37:15 [DEBUG-AuthMongo] Claims Diterima: UserID='68ff559733497822a45ed185', Username='user2', Role='user'
2025/10/28 20:37:15 [DEBUG-UploadFile] loggedInUserID: 68ff559733497822a45ed185, role: user, ownerID: 68ff559733497822a45ed185
2025/10/28 20:37:15 [DEBUG-UploadFile] file saved. ID: 6900c70b5861064331f1173c, OwnerID: 68ff559733497822a45ed185
2025/10/28 20:43:12 File logger berhasil diinisialisasi.
2025/10/28 20:43:12 Database connection established
2025/10/28 20:43:12 Berhasil tersambung ke MongoDB!
2025/10/28 20:43:17 [DEBUG-JWT-ValidateMongo] Parsed: UserID='68ff559733497822a45ed183', Username='admin', Role='admin'
2025/10/28 20:43:17 [DEBUG-AuthMongo] Claims Diterima: UserID='68ff559733497822a45ed183', Username='admin', Role='admin'
2025/10/28 20:43:20 [DEBUG-JWT-ValidateMongo] Parsed: UserID='68ff559733497822a45ed183', Username='admin', Role='admin'
2025/10/28 20:43:20 [DEBUG-AuthMongo] Claims Diterima: UserID='68ff559733497822a45ed183', Username='admin', Role='admin'
2025/10/28 20:43:52 [DEBUG-GenerateMongoToken] Token dibuat untuk UserID=68ff559733497822a45ed18b, Username=user8, Role=user
2025/10/28 20:44:16 [DEBUG-JWT-ValidateMongo] Parsed: UserID='68ff559733497822a45ed18b', Username='user8', Role='user'
2025/10/28 20:44:16 [DEBUG-AuthMongo] Claims Diterima: UserID='68ff559733497822a45ed18b', Username='user8', Role='user'
2025/10/28 20:44:35 [DEBUG-GenerateMongoToken] Token dibuat untuk UserID=68ff559733497822a45ed183, Username=admin, Role=admin
2025/10/28 20:44:53 [DEBUG-JWT-ValidateMongo] Parsed: UserID='68ff559733497822a45ed183', Username='admin', Role='admin'
2025/10/28 20:44:53 [DEBUG-AuthMongo] Claims Diterima: UserID='68ff559733497822a45ed183', Username='admin', Role='admin'
2025/10/28 20:45:18 [DEBUG-JWT-ValidateMongo] Parsed: UserID='68ff559733497822a45ed183', Username='admin', Role='admin'
2025/10/28 20:45:18 [DEBUG-AuthMongo] Claims Diterima: UserID='68ff559733497822a45ed183', Username='admin', Role='admin'
2025/10/28 20:45:18 [DEBUG-UploadFile] loggedInUserID: 68ff559733497822a45ed183, role: admin, ownerID: 68ff559733497822a45ed188
2025/10/28 20:45:18 [DEBUG-UploadFile] file saved. ID: 6900c8eee12a04bfd8a256be, OwnerID: 68ff559733497822a45ed188
2025/10/28 20:45:42 [DEBUG-JWT-ValidateMongo] Parsed: UserID='68ff559733497822a45ed18b', Username='user8', Role='user'
2025/10/28 20:45:42 [DEBUG-AuthMongo] Claims Diterima: UserID='68ff559733497822a45ed18b', Username='user8', Role='user'
2025/10/28 20:45:42 [DEBUG-UploadFile] loggedInUserID: 68ff559733497822a45ed18b, role: user, ownerID: 68ff559733497822a45ed18b
2025/10/28 20:45:42 [DEBUG-UploadFile] file saved. ID: 6900c906e12a04bfd8a256bf, OwnerID: 68ff559733497822a45ed18b
2025/10/28 20:46:51 [DEBUG-JWT-ValidateMongo] Parsed: UserID='68ff559733497822a45ed183', Username='admin', Role='admin'
2025/10/28 20:46:51 [DEBUG-AuthMongo] Claims Diterima: UserID='68ff559733497822a45ed183', Username='admin', Role='admin'
2025/10/28 20:59:09 File logger berhasil diinisialisasi.
2025/10/28 20:59:09 Database connection established
2025/10/28 20:59:09 Berhasil tersambung ke MongoDB!
2025/10/28 20:59:37 [DEBUG-JWT-ValidateMongo] Parsed: UserID='68ff559733497822a45ed183', Username='admin', Role='admin'
2025/10/28 20:59:37 [DEBUG-AuthMongo] Claims Diterima: UserID='68ff559733497822a45ed183', Username='admin', Role='admin'
2025/10/28 20:59:58 [DEBUG-JWT-ValidateMongo] Parsed: UserID='68ff559733497822a45ed183', Username='admin', Role='admin'
2025/10/28 20:59:58 [DEBUG-AuthMongo] Claims Diterima: UserID='68ff559733497822a45ed183', Username='admin', Role='admin'
2025/10/28 21:02:24 File logger berhasil diinisialisasi.
2025/10/28 21:02:24 Database connection established
2025/10/28 21:02:24 Berhasil tersambung ke MongoDB!
2025/10/28 21:03:36 [DEBUG-JWT-ValidateMongo] Parsed: UserID='68ff559733497822a45ed183', Username='admin', Role='admin'
2025/10/28 21:03:36 [DEBUG-AuthMongo] Claims Diterima: UserID='68ff559733497822a45ed183', Username='admin', Role='admin'
2025/10/28 21:03:59 [DEBUG-JWT-ValidateMongo] Parsed: UserID='68ff559733497822a45ed183', Username='admin', Role='admin'
2025/10/28 21:03:59 [DEBUG-AuthMongo] Claims Diterima: UserID='68ff559733497822a45ed183', Username='admin', Role='admin'
2025/10/28 21:04:43 [DEBUG-GenerateMongoToken] Token dibuat untuk UserID=68ff559733497822a45ed184, Username=user1, Role=user
2025/10/28 21:05:23 [DEBUG-JWT-ValidateMongo] Parsed: UserID='68ff559733497822a45ed184', Username='user1', Role='user'
2025/10/28 21:05:23 [DEBUG-AuthMongo] Claims Diterima: UserID='68ff559733497822a45ed184', Username='user1', Role='user'
2025/10/28 21:05:37 [DEBUG-JWT-ValidateMongo] Parsed: UserID='68ff559733497822a45ed184', Username='user1', Role='user'
2025/10/28 21:05:37 [DEBUG-AuthMongo] Claims Diterima: UserID='68ff559733497822a45ed184', Username='user1', Role='user'
2025/10/28 21:05:52 [DEBUG-JWT-ValidateMongo] Parsed: UserID='68ff559733497822a45ed184', Username='user1', Role='user'
2025/10/28 21:05:52 [DEBUG-AuthMongo] Claims Diterima: UserID='68ff559733497822a45ed184', Username='user1', Role='user'
2025/10/28 21:11:23 [DEBUG-JWT-ValidateMongo] Parsed: UserID='68ff559733497822a45ed184', Username='user1', Role='user'
2025/10/28 21:11:23 [DEBUG-AuthMongo] Claims Diterima: UserID='68ff559733497822a45ed184', Username='user1', Role='user'
2025/10/28 21:11:51 [DEBUG-GenerateMongoToken] Token dibuat untuk UserID=68ff559733497822a45ed183, Username=admin, Role=admin
2025/10/28 21:12:13 [DEBUG-JWT-ValidateMongo] Parsed: UserID='68ff559733497822a45ed183', Username='admin', Role='admin'
2025/10/28 21:12:13 [DEBUG-AuthMongo] Claims Diterima: UserID='68ff559733497822a45ed183', Username='admin', Role='admin'
2025/10/28 21:18:22 File logger berhasil diinisialisasi.
2025/10/28 21:18:22 Database connection established
2025/10/28 21:18:22 Berhasil tersambung ke MongoDB!
2025/10/28 21:18:26 [DEBUG-JWT-ValidateMongo] Parsed: UserID='68ff559733497822a45ed184', Username='user1', Role='user'
2025/10/28 21:18:26 [DEBUG-AuthMongo] Claims Diterima: UserID='68ff559733497822a45ed184', Username='user1', Role='user'
2025/10/28 21:18:31 [DEBUG-JWT-ValidateMongo] Parsed: UserID='68ff559733497822a45ed183', Username='admin', Role='admin'
2025/10/28 21:18:31 [DEBUG-AuthMongo] Claims Diterima: UserID='68ff559733497822a45ed183', Username='admin', Role='admin'
2025/10/28 21:19:12 [DEBUG-JWT-ValidateMongo] Parsed: UserID='68ff559733497822a45ed183', Username='admin', Role='admin'
2025/10/28 21:19:12 [DEBUG-AuthMongo] Claims Diterima: UserID='68ff559733497822a45ed183', Username='admin', Role='admin'
2025/10/28 21:19:25 [DEBUG-JWT-ValidateMongo] Parsed: UserID='68ff559733497822a45ed184', Username='user1', Role='user'
2025/10/28 21:19:25 [DEBUG-AuthMongo] Claims Diterima: UserID='68ff559733497822a45ed184', Username='user1', Role='user'
2025/10/28 21:19:32 [DEBUG-JWT-ValidateMongo] Parsed: UserID='68ff559733497822a45ed183', Username='admin', Role='admin'
2025/10/28 21:19:32 [DEBUG-AuthMongo] Claims Diterima: UserID='68ff559733497822a45ed183', Username='admin', Role='admin'
2025/10/28 21:20:54 [DEBUG-GenerateMongoToken] Token dibuat untuk UserID=68ff559733497822a45ed188, Username=user5, Role=user
2025/10/28 21:21:54 [DEBUG-JWT-ValidateMongo] Parsed: UserID='68ff559733497822a45ed188', Username='user5', Role='user'
2025/10/28 21:21:54 [DEBUG-AuthMongo] Claims Diterima: UserID='68ff559733497822a45ed188', Username='user5', Role='user'
2025/10/28 21:21:54 [DEBUG-UploadFile] loggedInUserID: 68ff559733497822a45ed188, role: user, ownerID: 68ff559733497822a45ed188
2025/10/28 21:22:16 [DEBUG-JWT-ValidateMongo] Parsed: UserID='68ff559733497822a45ed188', Username='user5', Role='user'
2025/10/28 21:22:16 [DEBUG-AuthMongo] Claims Diterima: UserID='68ff559733497822a45ed188', Username='user5', Role='user'
2025/10/28 21:22:16 [DEBUG-UploadFile] loggedInUserID: 68ff559733497822a45ed188, role: user, ownerID: 68ff559733497822a45ed188
2025/10/28 21:22:29 [DEBUG-JWT-ValidateMongo] Parsed: UserID='68ff559733497822a45ed188', Username='user5', Role='user'
2025/10/28 21:22:29 [DEBUG-AuthMongo] Claims Diterima: UserID='68ff559733497822a45ed188', Username='user5', Role='user'
2025/10/28 21:22:29 [DEBUG-UploadFile] loggedInUserID: 68ff559733497822a45ed188, role: user, ownerID: 68ff559733497822a45ed188
2025/10/28 21:22:29 [DEBUG-UploadFile] file saved. ID: 6900d1a5dce53ce4e6a4319e, OwnerID: 68ff559733497822a45ed188
2025/10/28 21:24:01 [DEBUG-JWT-ValidateMongo] Parsed: UserID='68ff559733497822a45ed188', Username='user5', Role='user'
2025/10/28 21:24:01 [DEBUG-AuthMongo] Claims Diterima: UserID='68ff559733497822a45ed188', Username='user5', Role='user'
2025/10/28 21:24:07 [DEBUG-GenerateMongoToken] Token dibuat untuk UserID=68ff559733497822a45ed183, Username=admin, Role=admin
2025/10/28 21:24:17 [DEBUG-JWT-ValidateMongo] Parsed: UserID='68ff559733497822a45ed183', Username='admin', Role='admin'
2025/10/28 21:24:17 [DEBUG-AuthMongo] Claims Diterima: UserID='68ff559733497822a45ed183', Username='admin', Role='admin'
2025/10/28 22:27:09 File logger berhasil diinisialisasi.
2025/10/28 22:27:09 Database connection established
2025/10/28 22:27:09 Berhasil tersambung ke MongoDB!
2025/10/28 22:27:14 [DEBUG-GenerateMongoToken] Token dibuat untuk UserID=68ff559733497822a45ed183, Username=admin, Role=admin
2025/10/28 22:27:24 [DEBUG-JWT-ValidateMongo] Parsed: UserID='68ff559733497822a45ed184', Username='user1', Role='user'
2025/10/28 22:27:24 [DEBUG-AuthMongo] Claims Diterima: UserID='68ff559733497822a45ed184', Username='user1', Role='user'
2025/10/28 22:27:26 [DEBUG-JWT-ValidateMongo] Parsed: UserID='68ff559733497822a45ed183', Username='admin', Role='admin'
2025/10/28 22:27:26 [DEBUG-AuthMongo] Claims Diterima: UserID='68ff559733497822a45ed183', Username='admin', Role='admin'
2025/10/28 22:27:30 [DEBUG-JWT-ValidateMongo] Parsed: UserID='68ff559733497822a45ed184', Username='user1', Role='user'
2025/10/28 22:27:30 [DEBUG-AuthMongo] Claims Diterima: UserID='68ff559733497822a45ed184', Username='user1', Role='user'
2025/10/28 22:27:31 [DEBUG-JWT-ValidateMongo] Parsed: UserID='68ff559733497822a45ed184', Username='user1', Role='user'
2025/10/28 22:27:31 [DEBUG-AuthMongo] Claims Diterima: UserID='68ff559733497822a45ed184', Username='user1', Role='user'
2025/10/28 22:28:37 [DEBUG-JWT-ValidateMongo] Parsed: UserID='68ff559733497822a45ed183', Username='admin', Role='admin'
2025/10/28 22:28:37 [DEBUG-AuthMongo] Claims Diterima: UserID='68ff559733497822a45ed183', Username='admin', Role='admin'
2025/10/28 22:29:11 [DEBUG-JWT-ValidateMongo] Parsed: UserID='68ff559733497822a45ed183', Username='admin', Role='admin'
2025/10/28 22:29:11 [DEBUG-AuthMongo] Claims Diterima: UserID='68ff559733497822a45ed183', Username='admin', Role='admin'
2025/10/28 22:29:11 [DEBUG-UploadFile] file saved. ID: 6900e14727ff5ce9534c39e6, OwnerID: 68ff559733497822a45ed184
2025/10/28 22:30:54 [DEBUG-JWT-ValidateMongo] Parsed: UserID='68ff559733497822a45ed183', Username='admin', Role='admin'
2025/10/28 22:30:54 [DEBUG-AuthMongo] Claims Diterima: UserID='68ff559733497822a45ed183', Username='admin', Role='admin'
2025/10/28 22:30:54 [DEBUG-UploadFile] file saved. ID: 6900e1ae27ff5ce9534c39e7, OwnerID: 68ff559733497822a45ed185
2025/10/28 22:33:01 [DEBUG-GenerateMongoToken] Token dibuat untuk UserID=68ff559733497822a45ed188, Username=user5, Role=user
2025/10/28 22:33:15 [DEBUG-JWT-ValidateMongo] Parsed: UserID='68ff559733497822a45ed188', Username='user5', Role='user'
2025/10/28 22:33:15 [DEBUG-AuthMongo] Claims Diterima: UserID='68ff559733497822a45ed188', Username='user5', Role='user'
2025/10/28 22:33:15 [DEBUG-UploadFile] file saved. ID: 6900e23b27ff5ce9534c39e8, OwnerID: 68ff559733497822a45ed188
2025/10/28 22:34:16 [DEBUG-JWT-ValidateMongo] Parsed: UserID='68ff559733497822a45ed188', Username='user5', Role='user'
2025/10/28 22:34:16 [DEBUG-AuthMongo] Claims Diterima: UserID='68ff559733497822a45ed188', Username='user5', Role='user'
2025/10/28 22:34:16 [DEBUG-UploadFile] file saved. ID: 6900e27827ff5ce9534c39e9, OwnerID: 68ff559733497822a45ed188
2025/10/28 22:36:28 [DEBUG-JWT-ValidateMongo] Parsed: UserID='68ff559733497822a45ed184', Username='user1', Role='user'
2025/10/28 22:36:28 [DEBUG-AuthMongo] Claims Diterima: UserID='68ff559733497822a45ed184', Username='user1', Role='user'
2025/10/28 22:36:44 [DEBUG-JWT-ValidateMongo] Token gagal di-parse: token is malformed: token contains an invalid number of segments
2025/10/28 22:36:44 [DEBUG-AuthMongo] Error Validasi Token: token is malformed: token contains an invalid number of segments
2025/10/28 22:36:55 [DEBUG-JWT-ValidateMongo] Parsed: UserID='68ff559733497822a45ed184', Username='user1', Role='user'
2025/10/28 22:36:55 [DEBUG-AuthMongo] Claims Diterima: UserID='68ff559733497822a45ed184', Username='user1', Role='user'
2025/10/28 22:38:16 [DEBUG-JWT-ValidateMongo] Parsed: UserID='68ff559733497822a45ed183', Username='admin', Role='admin'
2025/10/28 22:38:16 [DEBUG-AuthMongo] Claims Diterima: UserID='68ff559733497822a45ed183', Username='admin', Role='admin'
2025/10/28 22:38:22 [DEBUG-JWT-ValidateMongo] Parsed: UserID='68ff559733497822a45ed183', Username='admin', Role='admin'
2025/10/28 22:38:22 [DEBUG-AuthMongo] Claims Diterima: UserID='68ff559733497822a45ed183', Username='admin', Role='admin'
2025/10/28 22:39:14 [DEBUG-JWT-ValidateMongo] Parsed: UserID='68ff559733497822a45ed183', Username='admin', Role='admin'
2025/10/28 22:39:14 [DEBUG-AuthMongo] Claims Diterima: UserID='68ff559733497822a45ed183', Username='admin', Role='admin'
2025/10/28 22:39:46 [DEBUG-JWT-ValidateMongo] Parsed: UserID='68ff559733497822a45ed184', Username='user1', Role='user'
2025/10/28 22:39:46 [DEBUG-AuthMongo] Claims Diterima: UserID='68ff559733497822a45ed184', Username='user1', Role='user'
2025/10/28 22:42:15 [DEBUG-GenerateMongoToken] Token dibuat untuk UserID=68ff559733497822a45ed183, Username=admin, Role=admin
2025/10/28 22:42:27 [DEBUG-JWT-ValidateMongo] Parsed: UserID='68ff559733497822a45ed183', Username='admin', Role='admin'
2025/10/28 22:42:27 [DEBUG-AuthMongo] Claims Diterima: UserID='68ff559733497822a45ed183', Username='admin', Role='admin'
2025/10/28 22:44:16 [DEBUG-JWT-ValidateMongo] Parsed: UserID='68ff559733497822a45ed183', Username='admin', Role='admin'
2025/10/28 22:44:16 [DEBUG-AuthMongo] Claims Diterima: UserID='68ff559733497822a45ed183', Username='admin', Role='admin'
2025/10/28 22:45:17 [DEBUG-JWT-ValidateMongo] Parsed: UserID='68ff559733497822a45ed183', Username='admin', Role='admin'
2025/10/28 22:45:17 [DEBUG-AuthMongo] Claims Diterima: UserID='68ff559733497822a45ed183', Username='admin', Role='admin'
2025/10/28 22:45:47 [DEBUG-GenerateMongoToken] Token dibuat untuk UserID=68ff559733497822a45ed184, Username=user1, Role=user
2025/10/28 22:46:14 [DEBUG-GenerateMongoToken] Token dibuat untuk UserID=68ff559733497822a45ed184, Username=user1, Role=user
2025/10/28 22:46:38 [DEBUG-GenerateMongoToken] Token dibuat untuk UserID=68ff559733497822a45ed184, Username=user1, Role=user
2025/10/28 22:46:54 [DEBUG-JWT-ValidateMongo] Parsed: UserID='68ff559733497822a45ed184', Username='user1', Role='user'
2025/10/28 22:46:54 [DEBUG-AuthMongo] Claims Diterima: UserID='68ff559733497822a45ed184', Username='user1', Role='user'
